The system is: Linux - 5.15.133.1-microsoft-standard-WSL2 - x86_64
Compiling the C compiler identification source file "CMakeCCompilerId.c" succeeded.
Compiler: /usr/bin/aarch64-linux-gnu-gcc 
Build flags: 
Id flags:  

The output was:
0


Compilation of the C compiler identification source "CMakeCCompilerId.c" produced "a.out"

The C compiler identification is GNU, found in "/home/hansolo/CplusplusLearn/交叉编译/zlib-1.2.10/build/CMakeFiles/3.25.2/CompilerIdC/a.out"

Detecting C compiler ABI info compiled with the following output:
Change Dir: /home/hansolo/CplusplusLearn/交叉编译/zlib-1.2.10/build/CMakeFiles/CMakeScratch/TryCompile-Pkr9EK

Run Build Command(s):/usr/bin/make -f Makefile cmTC_b12ae/fast && /usr/bin/make  -f CMakeFiles/cmTC_b12ae.dir/build.make CMakeFiles/cmTC_b12ae.dir/build
make[1]: Entering directory '/home/hansolo/CplusplusLearn/交叉编译/zlib-1.2.10/build/CMakeFiles/CMakeScratch/TryCompile-Pkr9EK'
Building C object CMakeFiles/cmTC_b12ae.dir/CMakeCCompilerABI.c.o
/usr/bin/aarch64-linux-gnu-gcc   -v -o CMakeFiles/cmTC_b12ae.dir/CMakeCCompilerABI.c.o -c /usr/share/cmake-3.25/Modules/CMakeCCompilerABI.c
Using built-in specs.
COLLECT_GCC=/usr/bin/aarch64-linux-gnu-gcc
Target: aarch64-linux-gnu
Configured with: ../src/configure -v --with-pkgversion='Ubuntu 9.4.0-1ubuntu1~20.04.2' --with-bugurl=file:///usr/share/doc/gcc-9/README.Bugs --enable-languages=c,ada,c++,go,d,fortran,objc,obj-c++,gm2 --prefix=/usr --with-gcc-major-version-only --program-suffix=-9 --enable-shared --enable-linker-build-id --libexecdir=/usr/lib --without-included-gettext --enable-threads=posix --libdir=/usr/lib --enable-nls --with-sysroot=/ --enable-clocale=gnu --enable-libstdcxx-debug --enable-libstdcxx-time=yes --with-default-libstdcxx-abi=new --enable-gnu-unique-object --disable-libquadmath --disable-libquadmath-support --enable-plugin --enable-default-pie --with-system-zlib --without-target-system-zlib --enable-libpth-m2 --enable-multiarch --enable-fix-cortex-a53-843419 --disable-werror --enable-checking=release --build=x86_64-linux-gnu --host=x86_64-linux-gnu --target=aarch64-linux-gnu --program-prefix=aarch64-linux-gnu- --includedir=/usr/aarch64-linux-gnu/include
Thread model: posix
gcc version 9.4.0 (Ubuntu 9.4.0-1ubuntu1~20.04.2) 
COLLECT_GCC_OPTIONS='-v' '-o' 'CMakeFiles/cmTC_b12ae.dir/CMakeCCompilerABI.c.o' '-c' '-mlittle-endian' '-mabi=lp64'
 /usr/lib/gcc-cross/aarch64-linux-gnu/9/cc1 -quiet -v -imultiarch aarch64-linux-gnu /usr/share/cmake-3.25/Modules/CMakeCCompilerABI.c -quiet -dumpbase CMakeCCompilerABI.c -mlittle-endian -mabi=lp64 -auxbase-strip CMakeFiles/cmTC_b12ae.dir/CMakeCCompilerABI.c.o -version -fasynchronous-unwind-tables -fstack-protector-strong -Wformat -Wformat-security -fstack-clash-protection -o /tmp/ccg9ZLL0.s
GNU C17 (Ubuntu 9.4.0-1ubuntu1~20.04.2) version 9.4.0 (aarch64-linux-gnu)
	compiled by GNU C version 9.4.0, GMP version 6.2.0, MPFR version 4.0.2, MPC version 1.1.0, isl version isl-0.22.1-GMP

GGC heuristics: --param ggc-min-expand=100 --param ggc-min-heapsize=131072
ignoring nonexistent directory "/usr/local/include/aarch64-linux-gnu"
ignoring nonexistent directory "/usr/lib/gcc-cross/aarch64-linux-gnu/9/include-fixed"
ignoring nonexistent directory "/usr/include/aarch64-linux-gnu"
#include "..." search starts here:
#include <...> search starts here:
 /usr/lib/gcc-cross/aarch64-linux-gnu/9/include
 /usr/lib/gcc-cross/aarch64-linux-gnu/9/../../../../aarch64-linux-gnu/include
 /usr/include
End of search list.
GNU C17 (Ubuntu 9.4.0-1ubuntu1~20.04.2) version 9.4.0 (aarch64-linux-gnu)
	compiled by GNU C version 9.4.0, GMP version 6.2.0, MPFR version 4.0.2, MPC version 1.1.0, isl version isl-0.22.1-GMP

GGC heuristics: --param ggc-min-expand=100 --param ggc-min-heapsize=131072
Compiler executable checksum: 7c96b3e1825287ceb20c1cefbe546b91
COLLECT_GCC_OPTIONS='-v' '-o' 'CMakeFiles/cmTC_b12ae.dir/CMakeCCompilerABI.c.o' '-c' '-mlittle-endian' '-mabi=lp64'
 /usr/lib/gcc-cross/aarch64-linux-gnu/9/../../../../aarch64-linux-gnu/bin/as -v -EL -mabi=lp64 -o CMakeFiles/cmTC_b12ae.dir/CMakeCCompilerABI.c.o /tmp/ccg9ZLL0.s
GNU assembler version 2.34 (aarch64-linux-gnu) using BFD version (GNU Binutils for Ubuntu) 2.34
COMPILER_PATH=/usr/lib/gcc-cross/aarch64-linux-gnu/9/:/usr/lib/gcc-cross/aarch64-linux-gnu/9/:/usr/lib/gcc-cross/aarch64-linux-gnu/:/usr/lib/gcc-cross/aarch64-linux-gnu/9/:/usr/lib/gcc-cross/aarch64-linux-gnu/:/usr/lib/gcc-cross/aarch64-linux-gnu/9/../../../../aarch64-linux-gnu/bin/
LIBRARY_PATH=/usr/lib/gcc-cross/aarch64-linux-gnu/9/:/usr/lib/gcc-cross/aarch64-linux-gnu/9/../../../../aarch64-linux-gnu/lib/../lib/:/lib/aarch64-linux-gnu/:/lib/../lib/:/usr/lib/aarch64-linux-gnu/:/usr/lib/../lib/:/usr/lib/gcc-cross/aarch64-linux-gnu/9/../../../../aarch64-linux-gnu/lib/:/lib/:/usr/lib/
COLLECT_GCC_OPTIONS='-v' '-o' 'CMakeFiles/cmTC_b12ae.dir/CMakeCCompilerABI.c.o' '-c' '-mlittle-endian' '-mabi=lp64'
Linking C executable cmTC_b12ae
/usr/bin/cmake -E cmake_link_script CMakeFiles/cmTC_b12ae.dir/link.txt --verbose=1
/usr/bin/aarch64-linux-gnu-gcc  -v -rdynamic CMakeFiles/cmTC_b12ae.dir/CMakeCCompilerABI.c.o -o cmTC_b12ae 
Using built-in specs.
COLLECT_GCC=/usr/bin/aarch64-linux-gnu-gcc
COLLECT_LTO_WRAPPER=/usr/lib/gcc-cross/aarch64-linux-gnu/9/lto-wrapper
Target: aarch64-linux-gnu
Configured with: ../src/configure -v --with-pkgversion='Ubuntu 9.4.0-1ubuntu1~20.04.2' --with-bugurl=file:///usr/share/doc/gcc-9/README.Bugs --enable-languages=c,ada,c++,go,d,fortran,objc,obj-c++,gm2 --prefix=/usr --with-gcc-major-version-only --program-suffix=-9 --enable-shared --enable-linker-build-id --libexecdir=/usr/lib --without-included-gettext --enable-threads=posix --libdir=/usr/lib --enable-nls --with-sysroot=/ --enable-clocale=gnu --enable-libstdcxx-debug --enable-libstdcxx-time=yes --with-default-libstdcxx-abi=new --enable-gnu-unique-object --disable-libquadmath --disable-libquadmath-support --enable-plugin --enable-default-pie --with-system-zlib --without-target-system-zlib --enable-libpth-m2 --enable-multiarch --enable-fix-cortex-a53-843419 --disable-werror --enable-checking=release --build=x86_64-linux-gnu --host=x86_64-linux-gnu --target=aarch64-linux-gnu --program-prefix=aarch64-linux-gnu- --includedir=/usr/aarch64-linux-gnu/include
Thread model: posix
gcc version 9.4.0 (Ubuntu 9.4.0-1ubuntu1~20.04.2) 
COMPILER_PATH=/usr/lib/gcc-cross/aarch64-linux-gnu/9/:/usr/lib/gcc-cross/aarch64-linux-gnu/9/:/usr/lib/gcc-cross/aarch64-linux-gnu/:/usr/lib/gcc-cross/aarch64-linux-gnu/9/:/usr/lib/gcc-cross/aarch64-linux-gnu/:/usr/lib/gcc-cross/aarch64-linux-gnu/9/../../../../aarch64-linux-gnu/bin/
LIBRARY_PATH=/usr/lib/gcc-cross/aarch64-linux-gnu/9/:/usr/lib/gcc-cross/aarch64-linux-gnu/9/../../../../aarch64-linux-gnu/lib/../lib/:/lib/aarch64-linux-gnu/:/lib/../lib/:/usr/lib/aarch64-linux-gnu/:/usr/lib/../lib/:/usr/lib/gcc-cross/aarch64-linux-gnu/9/../../../../aarch64-linux-gnu/lib/:/lib/:/usr/lib/
COLLECT_GCC_OPTIONS='-v' '-rdynamic' '-o' 'cmTC_b12ae' '-mlittle-endian' '-mabi=lp64'
 /usr/lib/gcc-cross/aarch64-linux-gnu/9/collect2 -plugin /usr/lib/gcc-cross/aarch64-linux-gnu/9/liblto_plugin.so -plugin-opt=/usr/lib/gcc-cross/aarch64-linux-gnu/9/lto-wrapper -plugin-opt=-fresolution=/tmp/ccf7YBxr.res -plugin-opt=-pass-through=-lgcc -plugin-opt=-pass-through=-lgcc_s -plugin-opt=-pass-through=-lc -plugin-opt=-pass-through=-lgcc -plugin-opt=-pass-through=-lgcc_s --sysroot=/ --build-id --eh-frame-hdr --hash-style=gnu --as-needed -export-dynamic -dynamic-linker /lib/ld-linux-aarch64.so.1 -X -EL -maarch64linux --fix-cortex-a53-843419 -pie -z now -z relro -o cmTC_b12ae /usr/lib/gcc-cross/aarch64-linux-gnu/9/../../../../aarch64-linux-gnu/lib/../lib/Scrt1.o /usr/lib/gcc-cross/aarch64-linux-gnu/9/../../../../aarch64-linux-gnu/lib/../lib/crti.o /usr/lib/gcc-cross/aarch64-linux-gnu/9/crtbeginS.o -L/usr/lib/gcc-cross/aarch64-linux-gnu/9 -L/usr/lib/gcc-cross/aarch64-linux-gnu/9/../../../../aarch64-linux-gnu/lib/../lib -L/lib/aarch64-linux-gnu -L/lib/../lib -L/usr/lib/aarch64-linux-gnu -L/usr/lib/../lib -L/usr/lib/gcc-cross/aarch64-linux-gnu/9/../../../../aarch64-linux-gnu/lib CMakeFiles/cmTC_b12ae.dir/CMakeCCompilerABI.c.o -lgcc --push-state --as-needed -lgcc_s --pop-state -lc -lgcc --push-state --as-needed -lgcc_s --pop-state /usr/lib/gcc-cross/aarch64-linux-gnu/9/crtendS.o /usr/lib/gcc-cross/aarch64-linux-gnu/9/../../../../aarch64-linux-gnu/lib/../lib/crtn.o
COLLECT_GCC_OPTIONS='-v' '-rdynamic' '-o' 'cmTC_b12ae' '-mlittle-endian' '-mabi=lp64'
make[1]: Leaving directory '/home/hansolo/CplusplusLearn/交叉编译/zlib-1.2.10/build/CMakeFiles/CMakeScratch/TryCompile-Pkr9EK'



Parsed C implicit include dir info from above output: rv=done
  found start of include info
  found start of implicit include info
    add: [/usr/lib/gcc-cross/aarch64-linux-gnu/9/include]
    add: [/usr/lib/gcc-cross/aarch64-linux-gnu/9/../../../../aarch64-linux-gnu/include]
    add: [/usr/include]
  end of search list found
  collapse include dir [/usr/lib/gcc-cross/aarch64-linux-gnu/9/include] ==> [/usr/lib/gcc-cross/aarch64-linux-gnu/9/include]
  collapse include dir [/usr/lib/gcc-cross/aarch64-linux-gnu/9/../../../../aarch64-linux-gnu/include] ==> [/usr/aarch64-linux-gnu/include]
  collapse include dir [/usr/include] ==> [/usr/include]
  implicit include dirs: [/usr/lib/gcc-cross/aarch64-linux-gnu/9/include;/usr/aarch64-linux-gnu/include;/usr/include]


Parsed C implicit link information from above output:
  link line regex: [^( *|.*[/\])(aarch64-linux-gnu-ld|CMAKE_LINK_STARTFILE-NOTFOUND|([^/\]+-)?ld|collect2)[^/\]*( |$)]
  ignore line: [Change Dir: /home/hansolo/CplusplusLearn/交叉编译/zlib-1.2.10/build/CMakeFiles/CMakeScratch/TryCompile-Pkr9EK]
  ignore line: []
  ignore line: [Run Build Command(s):/usr/bin/make -f Makefile cmTC_b12ae/fast && /usr/bin/make  -f CMakeFiles/cmTC_b12ae.dir/build.make CMakeFiles/cmTC_b12ae.dir/build]
  ignore line: [make[1]: Entering directory '/home/hansolo/CplusplusLearn/交叉编译/zlib-1.2.10/build/CMakeFiles/CMakeScratch/TryCompile-Pkr9EK']
  ignore line: [Building C object CMakeFiles/cmTC_b12ae.dir/CMakeCCompilerABI.c.o]
  ignore line: [/usr/bin/aarch64-linux-gnu-gcc   -v -o CMakeFiles/cmTC_b12ae.dir/CMakeCCompilerABI.c.o -c /usr/share/cmake-3.25/Modules/CMakeCCompilerABI.c]
  ignore line: [Using built-in specs.]
  ignore line: [COLLECT_GCC=/usr/bin/aarch64-linux-gnu-gcc]
  ignore line: [Target: aarch64-linux-gnu]
  ignore line: [Configured with: ../src/configure -v --with-pkgversion='Ubuntu 9.4.0-1ubuntu1~20.04.2' --with-bugurl=file:///usr/share/doc/gcc-9/README.Bugs --enable-languages=c ada c++ go d fortran objc obj-c++ gm2 --prefix=/usr --with-gcc-major-version-only --program-suffix=-9 --enable-shared --enable-linker-build-id --libexecdir=/usr/lib --without-included-gettext --enable-threads=posix --libdir=/usr/lib --enable-nls --with-sysroot=/ --enable-clocale=gnu --enable-libstdcxx-debug --enable-libstdcxx-time=yes --with-default-libstdcxx-abi=new --enable-gnu-unique-object --disable-libquadmath --disable-libquadmath-support --enable-plugin --enable-default-pie --with-system-zlib --without-target-system-zlib --enable-libpth-m2 --enable-multiarch --enable-fix-cortex-a53-843419 --disable-werror --enable-checking=release --build=x86_64-linux-gnu --host=x86_64-linux-gnu --target=aarch64-linux-gnu --program-prefix=aarch64-linux-gnu- --includedir=/usr/aarch64-linux-gnu/include]
  ignore line: [Thread model: posix]
  ignore line: [gcc version 9.4.0 (Ubuntu 9.4.0-1ubuntu1~20.04.2) ]
  ignore line: [COLLECT_GCC_OPTIONS='-v' '-o' 'CMakeFiles/cmTC_b12ae.dir/CMakeCCompilerABI.c.o' '-c' '-mlittle-endian' '-mabi=lp64']
  ignore line: [ /usr/lib/gcc-cross/aarch64-linux-gnu/9/cc1 -quiet -v -imultiarch aarch64-linux-gnu /usr/share/cmake-3.25/Modules/CMakeCCompilerABI.c -quiet -dumpbase CMakeCCompilerABI.c -mlittle-endian -mabi=lp64 -auxbase-strip CMakeFiles/cmTC_b12ae.dir/CMakeCCompilerABI.c.o -version -fasynchronous-unwind-tables -fstack-protector-strong -Wformat -Wformat-security -fstack-clash-protection -o /tmp/ccg9ZLL0.s]
  ignore line: [GNU C17 (Ubuntu 9.4.0-1ubuntu1~20.04.2) version 9.4.0 (aarch64-linux-gnu)]
  ignore line: [	compiled by GNU C version 9.4.0  GMP version 6.2.0  MPFR version 4.0.2  MPC version 1.1.0  isl version isl-0.22.1-GMP]
  ignore line: []
  ignore line: [GGC heuristics: --param ggc-min-expand=100 --param ggc-min-heapsize=131072]
  ignore line: [ignoring nonexistent directory "/usr/local/include/aarch64-linux-gnu"]
  ignore line: [ignoring nonexistent directory "/usr/lib/gcc-cross/aarch64-linux-gnu/9/include-fixed"]
  ignore line: [ignoring nonexistent directory "/usr/include/aarch64-linux-gnu"]
  ignore line: [#include "..." search starts here:]
  ignore line: [#include <...> search starts here:]
  ignore line: [ /usr/lib/gcc-cross/aarch64-linux-gnu/9/include]
  ignore line: [ /usr/lib/gcc-cross/aarch64-linux-gnu/9/../../../../aarch64-linux-gnu/include]
  ignore line: [ /usr/include]
  ignore line: [End of search list.]
  ignore line: [GNU C17 (Ubuntu 9.4.0-1ubuntu1~20.04.2) version 9.4.0 (aarch64-linux-gnu)]
  ignore line: [	compiled by GNU C version 9.4.0  GMP version 6.2.0  MPFR version 4.0.2  MPC version 1.1.0  isl version isl-0.22.1-GMP]
  ignore line: []
  ignore line: [GGC heuristics: --param ggc-min-expand=100 --param ggc-min-heapsize=131072]
  ignore line: [Compiler executable checksum: 7c96b3e1825287ceb20c1cefbe546b91]
  ignore line: [COLLECT_GCC_OPTIONS='-v' '-o' 'CMakeFiles/cmTC_b12ae.dir/CMakeCCompilerABI.c.o' '-c' '-mlittle-endian' '-mabi=lp64']
  ignore line: [ /usr/lib/gcc-cross/aarch64-linux-gnu/9/../../../../aarch64-linux-gnu/bin/as -v -EL -mabi=lp64 -o CMakeFiles/cmTC_b12ae.dir/CMakeCCompilerABI.c.o /tmp/ccg9ZLL0.s]
  ignore line: [GNU assembler version 2.34 (aarch64-linux-gnu) using BFD version (GNU Binutils for Ubuntu) 2.34]
  ignore line: [COMPILER_PATH=/usr/lib/gcc-cross/aarch64-linux-gnu/9/:/usr/lib/gcc-cross/aarch64-linux-gnu/9/:/usr/lib/gcc-cross/aarch64-linux-gnu/:/usr/lib/gcc-cross/aarch64-linux-gnu/9/:/usr/lib/gcc-cross/aarch64-linux-gnu/:/usr/lib/gcc-cross/aarch64-linux-gnu/9/../../../../aarch64-linux-gnu/bin/]
  ignore line: [LIBRARY_PATH=/usr/lib/gcc-cross/aarch64-linux-gnu/9/:/usr/lib/gcc-cross/aarch64-linux-gnu/9/../../../../aarch64-linux-gnu/lib/../lib/:/lib/aarch64-linux-gnu/:/lib/../lib/:/usr/lib/aarch64-linux-gnu/:/usr/lib/../lib/:/usr/lib/gcc-cross/aarch64-linux-gnu/9/../../../../aarch64-linux-gnu/lib/:/lib/:/usr/lib/]
  ignore line: [COLLECT_GCC_OPTIONS='-v' '-o' 'CMakeFiles/cmTC_b12ae.dir/CMakeCCompilerABI.c.o' '-c' '-mlittle-endian' '-mabi=lp64']
  ignore line: [Linking C executable cmTC_b12ae]
  ignore line: [/usr/bin/cmake -E cmake_link_script CMakeFiles/cmTC_b12ae.dir/link.txt --verbose=1]
  ignore line: [/usr/bin/aarch64-linux-gnu-gcc  -v -rdynamic CMakeFiles/cmTC_b12ae.dir/CMakeCCompilerABI.c.o -o cmTC_b12ae ]
  ignore line: [Using built-in specs.]
  ignore line: [COLLECT_GCC=/usr/bin/aarch64-linux-gnu-gcc]
  ignore line: [COLLECT_LTO_WRAPPER=/usr/lib/gcc-cross/aarch64-linux-gnu/9/lto-wrapper]
  ignore line: [Target: aarch64-linux-gnu]
  ignore line: [Configured with: ../src/configure -v --with-pkgversion='Ubuntu 9.4.0-1ubuntu1~20.04.2' --with-bugurl=file:///usr/share/doc/gcc-9/README.Bugs --enable-languages=c ada c++ go d fortran objc obj-c++ gm2 --prefix=/usr --with-gcc-major-version-only --program-suffix=-9 --enable-shared --enable-linker-build-id --libexecdir=/usr/lib --without-included-gettext --enable-threads=posix --libdir=/usr/lib --enable-nls --with-sysroot=/ --enable-clocale=gnu --enable-libstdcxx-debug --enable-libstdcxx-time=yes --with-default-libstdcxx-abi=new --enable-gnu-unique-object --disable-libquadmath --disable-libquadmath-support --enable-plugin --enable-default-pie --with-system-zlib --without-target-system-zlib --enable-libpth-m2 --enable-multiarch --enable-fix-cortex-a53-843419 --disable-werror --enable-checking=release --build=x86_64-linux-gnu --host=x86_64-linux-gnu --target=aarch64-linux-gnu --program-prefix=aarch64-linux-gnu- --includedir=/usr/aarch64-linux-gnu/include]
  ignore line: [Thread model: posix]
  ignore line: [gcc version 9.4.0 (Ubuntu 9.4.0-1ubuntu1~20.04.2) ]
  ignore line: [COMPILER_PATH=/usr/lib/gcc-cross/aarch64-linux-gnu/9/:/usr/lib/gcc-cross/aarch64-linux-gnu/9/:/usr/lib/gcc-cross/aarch64-linux-gnu/:/usr/lib/gcc-cross/aarch64-linux-gnu/9/:/usr/lib/gcc-cross/aarch64-linux-gnu/:/usr/lib/gcc-cross/aarch64-linux-gnu/9/../../../../aarch64-linux-gnu/bin/]
  ignore line: [LIBRARY_PATH=/usr/lib/gcc-cross/aarch64-linux-gnu/9/:/usr/lib/gcc-cross/aarch64-linux-gnu/9/../../../../aarch64-linux-gnu/lib/../lib/:/lib/aarch64-linux-gnu/:/lib/../lib/:/usr/lib/aarch64-linux-gnu/:/usr/lib/../lib/:/usr/lib/gcc-cross/aarch64-linux-gnu/9/../../../../aarch64-linux-gnu/lib/:/lib/:/usr/lib/]
  ignore line: [COLLECT_GCC_OPTIONS='-v' '-rdynamic' '-o' 'cmTC_b12ae' '-mlittle-endian' '-mabi=lp64']
  link line: [ /usr/lib/gcc-cross/aarch64-linux-gnu/9/collect2 -plugin /usr/lib/gcc-cross/aarch64-linux-gnu/9/liblto_plugin.so -plugin-opt=/usr/lib/gcc-cross/aarch64-linux-gnu/9/lto-wrapper -plugin-opt=-fresolution=/tmp/ccf7YBxr.res -plugin-opt=-pass-through=-lgcc -plugin-opt=-pass-through=-lgcc_s -plugin-opt=-pass-through=-lc -plugin-opt=-pass-through=-lgcc -plugin-opt=-pass-through=-lgcc_s --sysroot=/ --build-id --eh-frame-hdr --hash-style=gnu --as-needed -export-dynamic -dynamic-linker /lib/ld-linux-aarch64.so.1 -X -EL -maarch64linux --fix-cortex-a53-843419 -pie -z now -z relro -o cmTC_b12ae /usr/lib/gcc-cross/aarch64-linux-gnu/9/../../../../aarch64-linux-gnu/lib/../lib/Scrt1.o /usr/lib/gcc-cross/aarch64-linux-gnu/9/../../../../aarch64-linux-gnu/lib/../lib/crti.o /usr/lib/gcc-cross/aarch64-linux-gnu/9/crtbeginS.o -L/usr/lib/gcc-cross/aarch64-linux-gnu/9 -L/usr/lib/gcc-cross/aarch64-linux-gnu/9/../../../../aarch64-linux-gnu/lib/../lib -L/lib/aarch64-linux-gnu -L/lib/../lib -L/usr/lib/aarch64-linux-gnu -L/usr/lib/../lib -L/usr/lib/gcc-cross/aarch64-linux-gnu/9/../../../../aarch64-linux-gnu/lib CMakeFiles/cmTC_b12ae.dir/CMakeCCompilerABI.c.o -lgcc --push-state --as-needed -lgcc_s --pop-state -lc -lgcc --push-state --as-needed -lgcc_s --pop-state /usr/lib/gcc-cross/aarch64-linux-gnu/9/crtendS.o /usr/lib/gcc-cross/aarch64-linux-gnu/9/../../../../aarch64-linux-gnu/lib/../lib/crtn.o]
    arg [/usr/lib/gcc-cross/aarch64-linux-gnu/9/collect2] ==> ignore
    arg [-plugin] ==> ignore
    arg [/usr/lib/gcc-cross/aarch64-linux-gnu/9/liblto_plugin.so] ==> ignore
    arg [-plugin-opt=/usr/lib/gcc-cross/aarch64-linux-gnu/9/lto-wrapper] ==> ignore
    arg [-plugin-opt=-fresolution=/tmp/ccf7YBxr.res] ==> ignore
    arg [-plugin-opt=-pass-through=-lgcc] ==> ignore
    arg [-plugin-opt=-pass-through=-lgcc_s] ==> ignore
    arg [-plugin-opt=-pass-through=-lc] ==> ignore
    arg [-plugin-opt=-pass-through=-lgcc] ==> ignore
    arg [-plugin-opt=-pass-through=-lgcc_s] ==> ignore
    arg [--sysroot=/] ==> ignore
    arg [--build-id] ==> ignore
    arg [--eh-frame-hdr] ==> ignore
    arg [--hash-style=gnu] ==> ignore
    arg [--as-needed] ==> ignore
    arg [-export-dynamic] ==> ignore
    arg [-dynamic-linker] ==> ignore
    arg [/lib/ld-linux-aarch64.so.1] ==> ignore
    arg [-X] ==> ignore
    arg [-EL] ==> ignore
    arg [-maarch64linux] ==> ignore
    arg [--fix-cortex-a53-843419] ==> ignore
    arg [-pie] ==> ignore
    arg [-znow] ==> ignore
    arg [-zrelro] ==> ignore
    arg [-o] ==> ignore
    arg [cmTC_b12ae] ==> ignore
    arg [/usr/lib/gcc-cross/aarch64-linux-gnu/9/../../../../aarch64-linux-gnu/lib/../lib/Scrt1.o] ==> obj [/usr/lib/gcc-cross/aarch64-linux-gnu/9/../../../../aarch64-linux-gnu/lib/../lib/Scrt1.o]
    arg [/usr/lib/gcc-cross/aarch64-linux-gnu/9/../../../../aarch64-linux-gnu/lib/../lib/crti.o] ==> obj [/usr/lib/gcc-cross/aarch64-linux-gnu/9/../../../../aarch64-linux-gnu/lib/../lib/crti.o]
    arg [/usr/lib/gcc-cross/aarch64-linux-gnu/9/crtbeginS.o] ==> obj [/usr/lib/gcc-cross/aarch64-linux-gnu/9/crtbeginS.o]
    arg [-L/usr/lib/gcc-cross/aarch64-linux-gnu/9] ==> dir [/usr/lib/gcc-cross/aarch64-linux-gnu/9]
    arg [-L/usr/lib/gcc-cross/aarch64-linux-gnu/9/../../../../aarch64-linux-gnu/lib/../lib] ==> dir [/usr/lib/gcc-cross/aarch64-linux-gnu/9/../../../../aarch64-linux-gnu/lib/../lib]
    arg [-L/lib/aarch64-linux-gnu] ==> dir [/lib/aarch64-linux-gnu]
    arg [-L/lib/../lib] ==> dir [/lib/../lib]
    arg [-L/usr/lib/aarch64-linux-gnu] ==> dir [/usr/lib/aarch64-linux-gnu]
    arg [-L/usr/lib/../lib] ==> dir [/usr/lib/../lib]
    arg [-L/usr/lib/gcc-cross/aarch64-linux-gnu/9/../../../../aarch64-linux-gnu/lib] ==> dir [/usr/lib/gcc-cross/aarch64-linux-gnu/9/../../../../aarch64-linux-gnu/lib]
    arg [CMakeFiles/cmTC_b12ae.dir/CMakeCCompilerABI.c.o] ==> ignore
    arg [-lgcc] ==> lib [gcc]
    arg [--push-state] ==> ignore
    arg [--as-needed] ==> ignore
    arg [-lgcc_s] ==> lib [gcc_s]
    arg [--pop-state] ==> ignore
    arg [-lc] ==> lib [c]
    arg [-lgcc] ==> lib [gcc]
    arg [--push-state] ==> ignore
    arg [--as-needed] ==> ignore
    arg [-lgcc_s] ==> lib [gcc_s]
    arg [--pop-state] ==> ignore
    arg [/usr/lib/gcc-cross/aarch64-linux-gnu/9/crtendS.o] ==> obj [/usr/lib/gcc-cross/aarch64-linux-gnu/9/crtendS.o]
    arg [/usr/lib/gcc-cross/aarch64-linux-gnu/9/../../../../aarch64-linux-gnu/lib/../lib/crtn.o] ==> obj [/usr/lib/gcc-cross/aarch64-linux-gnu/9/../../../../aarch64-linux-gnu/lib/../lib/crtn.o]
  collapse obj [/usr/lib/gcc-cross/aarch64-linux-gnu/9/../../../../aarch64-linux-gnu/lib/../lib/Scrt1.o] ==> [/usr/aarch64-linux-gnu/lib/Scrt1.o]
  collapse obj [/usr/lib/gcc-cross/aarch64-linux-gnu/9/../../../../aarch64-linux-gnu/lib/../lib/crti.o] ==> [/usr/aarch64-linux-gnu/lib/crti.o]
  collapse obj [/usr/lib/gcc-cross/aarch64-linux-gnu/9/../../../../aarch64-linux-gnu/lib/../lib/crtn.o] ==> [/usr/aarch64-linux-gnu/lib/crtn.o]
  collapse library dir [/usr/lib/gcc-cross/aarch64-linux-gnu/9] ==> [/usr/lib/gcc-cross/aarch64-linux-gnu/9]
  collapse library dir [/usr/lib/gcc-cross/aarch64-linux-gnu/9/../../../../aarch64-linux-gnu/lib/../lib] ==> [/usr/aarch64-linux-gnu/lib]
  collapse library dir [/lib/aarch64-linux-gnu] ==> [/lib/aarch64-linux-gnu]
  collapse library dir [/lib/../lib] ==> [/lib]
  collapse library dir [/usr/lib/aarch64-linux-gnu] ==> [/usr/lib/aarch64-linux-gnu]
  collapse library dir [/usr/lib/../lib] ==> [/usr/lib]
  collapse library dir [/usr/lib/gcc-cross/aarch64-linux-gnu/9/../../../../aarch64-linux-gnu/lib] ==> [/usr/aarch64-linux-gnu/lib]
  implicit libs: [gcc;gcc_s;c;gcc;gcc_s]
  implicit objs: [/usr/aarch64-linux-gnu/lib/Scrt1.o;/usr/aarch64-linux-gnu/lib/crti.o;/usr/lib/gcc-cross/aarch64-linux-gnu/9/crtbeginS.o;/usr/lib/gcc-cross/aarch64-linux-gnu/9/crtendS.o;/usr/aarch64-linux-gnu/lib/crtn.o]
  implicit dirs: [/usr/lib/gcc-cross/aarch64-linux-gnu/9;/usr/aarch64-linux-gnu/lib;/lib/aarch64-linux-gnu;/lib;/usr/lib/aarch64-linux-gnu;/usr/lib]
  implicit fwks: []


Determining if the include file sys/types.h exists passed with the following output:
Change Dir: /home/hansolo/CplusplusLearn/交叉编译/zlib-1.2.10/build/CMakeFiles/CMakeScratch/TryCompile-85cB3J

Run Build Command(s):/usr/bin/make -f Makefile cmTC_662b3/fast && /usr/bin/make  -f CMakeFiles/cmTC_662b3.dir/build.make CMakeFiles/cmTC_662b3.dir/build
make[1]: Entering directory '/home/hansolo/CplusplusLearn/交叉编译/zlib-1.2.10/build/CMakeFiles/CMakeScratch/TryCompile-85cB3J'
Building C object CMakeFiles/cmTC_662b3.dir/CheckIncludeFile.c.o
/usr/bin/aarch64-linux-gnu-gcc    -o CMakeFiles/cmTC_662b3.dir/CheckIncludeFile.c.o -c /home/hansolo/CplusplusLearn/交叉编译/zlib-1.2.10/build/CMakeFiles/CMakeScratch/TryCompile-85cB3J/CheckIncludeFile.c
Linking C executable cmTC_662b3
/usr/bin/cmake -E cmake_link_script CMakeFiles/cmTC_662b3.dir/link.txt --verbose=1
/usr/bin/aarch64-linux-gnu-gcc -rdynamic CMakeFiles/cmTC_662b3.dir/CheckIncludeFile.c.o -o cmTC_662b3 
make[1]: Leaving directory '/home/hansolo/CplusplusLearn/交叉编译/zlib-1.2.10/build/CMakeFiles/CMakeScratch/TryCompile-85cB3J'



Determining if the include file stdint.h exists passed with the following output:
Change Dir: /home/hansolo/CplusplusLearn/交叉编译/zlib-1.2.10/build/CMakeFiles/CMakeScratch/TryCompile-pQTdJK

Run Build Command(s):/usr/bin/make -f Makefile cmTC_d7cc1/fast && /usr/bin/make  -f CMakeFiles/cmTC_d7cc1.dir/build.make CMakeFiles/cmTC_d7cc1.dir/build
make[1]: Entering directory '/home/hansolo/CplusplusLearn/交叉编译/zlib-1.2.10/build/CMakeFiles/CMakeScratch/TryCompile-pQTdJK'
Building C object CMakeFiles/cmTC_d7cc1.dir/CheckIncludeFile.c.o
/usr/bin/aarch64-linux-gnu-gcc    -o CMakeFiles/cmTC_d7cc1.dir/CheckIncludeFile.c.o -c /home/hansolo/CplusplusLearn/交叉编译/zlib-1.2.10/build/CMakeFiles/CMakeScratch/TryCompile-pQTdJK/CheckIncludeFile.c
Linking C executable cmTC_d7cc1
/usr/bin/cmake -E cmake_link_script CMakeFiles/cmTC_d7cc1.dir/link.txt --verbose=1
/usr/bin/aarch64-linux-gnu-gcc -rdynamic CMakeFiles/cmTC_d7cc1.dir/CheckIncludeFile.c.o -o cmTC_d7cc1 
make[1]: Leaving directory '/home/hansolo/CplusplusLearn/交叉编译/zlib-1.2.10/build/CMakeFiles/CMakeScratch/TryCompile-pQTdJK'



Determining if the include file stddef.h exists passed with the following output:
Change Dir: /home/hansolo/CplusplusLearn/交叉编译/zlib-1.2.10/build/CMakeFiles/CMakeScratch/TryCompile-2zs58I

Run Build Command(s):/usr/bin/make -f Makefile cmTC_c6d73/fast && /usr/bin/make  -f CMakeFiles/cmTC_c6d73.dir/build.make CMakeFiles/cmTC_c6d73.dir/build
make[1]: Entering directory '/home/hansolo/CplusplusLearn/交叉编译/zlib-1.2.10/build/CMakeFiles/CMakeScratch/TryCompile-2zs58I'
Building C object CMakeFiles/cmTC_c6d73.dir/CheckIncludeFile.c.o
/usr/bin/aarch64-linux-gnu-gcc    -o CMakeFiles/cmTC_c6d73.dir/CheckIncludeFile.c.o -c /home/hansolo/CplusplusLearn/交叉编译/zlib-1.2.10/build/CMakeFiles/CMakeScratch/TryCompile-2zs58I/CheckIncludeFile.c
Linking C executable cmTC_c6d73
/usr/bin/cmake -E cmake_link_script CMakeFiles/cmTC_c6d73.dir/link.txt --verbose=1
/usr/bin/aarch64-linux-gnu-gcc -rdynamic CMakeFiles/cmTC_c6d73.dir/CheckIncludeFile.c.o -o cmTC_c6d73 
make[1]: Leaving directory '/home/hansolo/CplusplusLearn/交叉编译/zlib-1.2.10/build/CMakeFiles/CMakeScratch/TryCompile-2zs58I'



Determining size of off64_t passed with the following output:
Change Dir: /home/hansolo/CplusplusLearn/交叉编译/zlib-1.2.10/build/CMakeFiles/CMakeScratch/TryCompile-640BuJ

Run Build Command(s):/usr/bin/make -f Makefile cmTC_d49a1/fast && /usr/bin/make  -f CMakeFiles/cmTC_d49a1.dir/build.make CMakeFiles/cmTC_d49a1.dir/build
make[1]: Entering directory '/home/hansolo/CplusplusLearn/交叉编译/zlib-1.2.10/build/CMakeFiles/CMakeScratch/TryCompile-640BuJ'
Building C object CMakeFiles/cmTC_d49a1.dir/OFF64_T.c.o
/usr/bin/aarch64-linux-gnu-gcc -DHAVE_STDDEF_H -DHAVE_STDINT_H -DHAVE_SYS_TYPES_H -D_LARGEFILE64_SOURCE=1   -o CMakeFiles/cmTC_d49a1.dir/OFF64_T.c.o -c /home/hansolo/CplusplusLearn/交叉编译/zlib-1.2.10/build/CMakeFiles/CMakeScratch/TryCompile-640BuJ/OFF64_T.c
Linking C executable cmTC_d49a1
/usr/bin/cmake -E cmake_link_script CMakeFiles/cmTC_d49a1.dir/link.txt --verbose=1
/usr/bin/aarch64-linux-gnu-gcc -rdynamic CMakeFiles/cmTC_d49a1.dir/OFF64_T.c.o -o cmTC_d49a1 
make[1]: Leaving directory '/home/hansolo/CplusplusLearn/交叉编译/zlib-1.2.10/build/CMakeFiles/CMakeScratch/TryCompile-640BuJ'



Determining if the function fseeko exists passed with the following output:
Change Dir: /home/hansolo/CplusplusLearn/交叉编译/zlib-1.2.10/build/CMakeFiles/CMakeScratch/TryCompile-a8RLOJ

Run Build Command(s):/usr/bin/make -f Makefile cmTC_b0f52/fast && /usr/bin/make  -f CMakeFiles/cmTC_b0f52.dir/build.make CMakeFiles/cmTC_b0f52.dir/build
make[1]: Entering directory '/home/hansolo/CplusplusLearn/交叉编译/zlib-1.2.10/build/CMakeFiles/CMakeScratch/TryCompile-a8RLOJ'
Building C object CMakeFiles/cmTC_b0f52.dir/CheckFunctionExists.c.o
/usr/bin/aarch64-linux-gnu-gcc   -DCHECK_FUNCTION_EXISTS=fseeko -o CMakeFiles/cmTC_b0f52.dir/CheckFunctionExists.c.o -c /home/hansolo/CplusplusLearn/交叉编译/zlib-1.2.10/build/CMakeFiles/CMakeScratch/TryCompile-a8RLOJ/CheckFunctionExists.c
Linking C executable cmTC_b0f52
/usr/bin/cmake -E cmake_link_script CMakeFiles/cmTC_b0f52.dir/link.txt --verbose=1
/usr/bin/aarch64-linux-gnu-gcc  -DCHECK_FUNCTION_EXISTS=fseeko -rdynamic CMakeFiles/cmTC_b0f52.dir/CheckFunctionExists.c.o -o cmTC_b0f52 
make[1]: Leaving directory '/home/hansolo/CplusplusLearn/交叉编译/zlib-1.2.10/build/CMakeFiles/CMakeScratch/TryCompile-a8RLOJ'



Determining if the include file unistd.h exists passed with the following output:
Change Dir: /home/hansolo/CplusplusLearn/交叉编译/zlib-1.2.10/build/CMakeFiles/CMakeScratch/TryCompile-v22r7I

Run Build Command(s):/usr/bin/make -f Makefile cmTC_2eedb/fast && /usr/bin/make  -f CMakeFiles/cmTC_2eedb.dir/build.make CMakeFiles/cmTC_2eedb.dir/build
make[1]: Entering directory '/home/hansolo/CplusplusLearn/交叉编译/zlib-1.2.10/build/CMakeFiles/CMakeScratch/TryCompile-v22r7I'
Building C object CMakeFiles/cmTC_2eedb.dir/CheckIncludeFile.c.o
/usr/bin/aarch64-linux-gnu-gcc    -o CMakeFiles/cmTC_2eedb.dir/CheckIncludeFile.c.o -c /home/hansolo/CplusplusLearn/交叉编译/zlib-1.2.10/build/CMakeFiles/CMakeScratch/TryCompile-v22r7I/CheckIncludeFile.c
Linking C executable cmTC_2eedb
/usr/bin/cmake -E cmake_link_script CMakeFiles/cmTC_2eedb.dir/link.txt --verbose=1
/usr/bin/aarch64-linux-gnu-gcc -rdynamic CMakeFiles/cmTC_2eedb.dir/CheckIncludeFile.c.o -o cmTC_2eedb 
make[1]: Leaving directory '/home/hansolo/CplusplusLearn/交叉编译/zlib-1.2.10/build/CMakeFiles/CMakeScratch/TryCompile-v22r7I'



