Performing C SOURCE FILE Test CMAKE_HAVE_LIBC_PTHREAD failed with the following output:
Change Dir: /home/hansolo/CplusplusLearn/libs/modbus_tools-master/build/CMakeFiles/CMakeScratch/TryCompile-12vPnZ

Run Build Command(s):/usr/bin/ninja cmTC_1454a && [1/2] Building C object CMakeFiles/cmTC_1454a.dir/src.c.o
[2/2] Linking C executable cmTC_1454a
FAILED: cmTC_1454a 
: && /usr/local/bin/gcc   CMakeFiles/cmTC_1454a.dir/src.c.o -o cmTC_1454a   && :
/usr/bin/ld: CMakeFiles/cmTC_1454a.dir/src.c.o: in function `main':
src.c:(.text+0x2d): undefined reference to `pthread_create'
/usr/bin/ld: src.c:(.text+0x39): undefined reference to `pthread_detach'
/usr/bin/ld: src.c:(.text+0x45): undefined reference to `pthread_cancel'
/usr/bin/ld: src.c:(.text+0x56): undefined reference to `pthread_join'
collect2: 错误：ld 返回 1
ninja: build stopped: subcommand failed.


Source file was:
#include <pthread.h>

static void* test_func(void* data)
{
  return data;
}

int main(void)
{
  pthread_t thread;
  pthread_create(&thread, NULL, test_func, NULL);
  pthread_detach(thread);
  pthread_cancel(thread);
  pthread_join(thread, NULL);
  pthread_atfork(NULL, NULL, NULL);
  pthread_exit(NULL);

  return 0;
}


Determining if the function pthread_create exists in the pthreads failed with the following output:
Change Dir: /home/hansolo/CplusplusLearn/libs/modbus_tools-master/build/CMakeFiles/CMakeScratch/TryCompile-SXSXZY

Run Build Command(s):/usr/bin/ninja cmTC_f32e7 && [1/2] Building C object CMakeFiles/cmTC_f32e7.dir/CheckFunctionExists.c.o
[2/2] Linking C executable cmTC_f32e7
FAILED: cmTC_f32e7 
: && /usr/local/bin/gcc -DCHECK_FUNCTION_EXISTS=pthread_create  CMakeFiles/cmTC_f32e7.dir/CheckFunctionExists.c.o -o cmTC_f32e7  -lpthreads && :
/usr/bin/ld: 找不到 -lpthreads
collect2: 错误：ld 返回 1
ninja: build stopped: subcommand failed.



