This file contains any messages produced by compilers while
running configure, to aid debugging if configure makes a mistake.

It was created by libmodbus configure 3.1.10, which was
generated by GNU Autoconf 2.71.  Invocation command line was

  $ ./configure

## --------- ##
## Platform. ##
## --------- ##

hostname = LAPTOP-S4S52MGD
uname -m = x86_64
uname -r = 5.15.146.1-microsoft-standard-WSL2
uname -s = Linux
uname -v = #1 SMP Thu Jan 11 04:09:03 UTC 2024

/usr/bin/uname -p = x86_64
/bin/uname -X     = unknown

/bin/arch              = x86_64
/usr/bin/arch -k       = unknown
/usr/convex/getsysinfo = unknown
/usr/bin/hostinfo      = unknown
/bin/machine           = unknown
/usr/bin/oslevel       = unknown
/bin/universe          = unknown

PATH: /home/hansolo/.local/bin/
PATH: /opt/ros/galactic/bin/
PATH: /usr/local/sbin/
PATH: /usr/local/bin/
PATH: /usr/sbin/
PATH: /usr/bin/
PATH: /sbin/
PATH: /bin/
PATH: /usr/games/
PATH: /usr/local/games/
PATH: /usr/lib/wsl/lib/
PATH: /mnt/c/Program Files/NVIDIA GPU Computing Toolkit/CUDA/v11.1/bin/
PATH: /mnt/c/Program Files/NVIDIA GPU Computing Toolkit/CUDA/v11.1/libnvvp/
PATH: /mnt/c/Program Files/NVIDIA GPU Computing Toolkit/CUDA/v11.1/cudnn/bin/
PATH: /mnt/c/Program Files/NVIDIA GPU Computing Toolkit/CUDA/v11.1/extras/CUPTI/lib64/
PATH: /mnt/c/Windows/system32/
PATH: /mnt/c/Windows/
PATH: /mnt/c/Windows/System32/Wbem/
PATH: /mnt/c/Windows/System32/WindowsPowerShell/v1.0/
PATH: /mnt/c/Windows/System32/OpenSSH/
PATH: /mnt/c/Program Files (x86)/NVIDIA Corporation/PhysX/Common/
PATH: /mnt/c/Program Files/NVIDIA Corporation/NVIDIA NvDLISR/
PATH: /mnt/d/anaconda/Scripts/
PATH: /mnt/d/Qt/5.12.0/msvc2017_64/bin/
PATH: /mnt/c/Program Files/Git/cmd/
PATH: /mnt/d/PCL 1.8.1/bin/
PATH: /mnt/d/PCL 1.8.1/3rdParty/FLANN/bin/
PATH: /mnt/d/PCL 1.8.1/3rdParty/OpenNI2/Redist/
PATH: /mnt/d/PCL 1.8.1/3rdParty/OpenNI2/Tools/
PATH: /mnt/d/PCL 1.8.1/3rdParty/Qhull/bin/
PATH: /mnt/d/PCL 1.8.1/3rdParty/VTK/bin/
PATH: /mnt/c/Program Files (x86)/Microsoft Visual Studio/2017/Community/VC/Tools/MSVC/14.16.27023/bin/Hostx64/x64/
PATH: /mnt/d/opencv-4.0.0/opencv-4.0.0/install/x64/vc15/bin/
PATH: /mnt/c/Program Files (x86)/dotnet/
PATH: /mnt/c/Program Files/dotnet/
PATH: /mnt/c/Program Files (x86)/Microsoft Visual Studio/2017/Community/VC/Tools/MSVC/14.16.27023/bin/Hostx86/x64/
PATH: /mnt/c/Program Files/NVIDIA Corporation/Nsight Compute 2020.2.0/
PATH: /mnt/d/matlab/runtime/win64/
PATH: /mnt/d/matlab/bin/
PATH: /mnt/d/matlab/polyspace/bin/
PATH: /mnt/d/TeXlive/texlive/2022/bin/win32/
PATH: /mnt/c/Program Files (x86)/NetSarang/Xftp 7/
PATH: /mnt/c/Program Files (x86)/NetSarang/Xshell 7/
PATH: /mnt/d/vcpkg/
PATH: /mnt/c/Program Files/Calibre2/
PATH: /mnt/c/WINDOWS/system32/
PATH: /mnt/c/WINDOWS/
PATH: /mnt/c/WINDOWS/System32/Wbem/
PATH: /mnt/c/WINDOWS/System32/WindowsPowerShell/v1.0/
PATH: /mnt/c/WINDOWS/System32/OpenSSH/
PATH: /mnt/d/anaconda/envs/crowed/Lib/site-packages/PyQt5/Qt5/plugins/
PATH: /mnt/c/Users/韩博/AppData/Roaming/npm/node_modules/
PATH: /mnt/c/Program Files/nodejs/
PATH: /mnt/c/Program Files/usbipd-win/
PATH: /mnt/c/Program Files/CMake/bin/
PATH: /mnt/d/platform-tools/
PATH: /mnt/c/Users/韩博/AppData/Local/Programs/oh-my-posh/themes/
PATH: /mnt/c/Users/韩博/Documents/nginx 1.7.11.3 Gryphon/nginx.exe/
PATH: /mnt/d/PCL 1.8.1/3rdParty/VTK/bin/
PATH: /mnt/d/Java/jdk1.7/bin/
PATH: /mnt/d/Java/jdk1.7/jre/bin/
PATH: /mnt/d/mingw64/bin/
PATH: /mnt/c/Users/韩博/AppData/Local/Microsoft/WindowsApps/
PATH: /mnt/c/Program Files/Bandizip/
PATH: /mnt/c/Users/韩博/.dotnet/tools/
PATH: /mnt/c/Users/韩博/AppData/Local/Pandoc/
PATH: /mnt/c/Program Files (x86)/Tencent/QQGameTempest/Hall.57795/
PATH: /mnt/c/Users/韩博/AppData/Local/Programs/Microsoft VS Code/bin/
PATH: /mnt/c/Users/韩博/AppData/Roaming/npm/
PATH: /mnt/d/ffmpeg_3.4.2/bin/x64/
PATH: /mnt/c/Users/韩博/AppData/Local/Programs/oh-my-posh/bin/
PATH: /mnt/d/PyCharm 2023.1/bin/
PATH: /mnt/d/CLion 2023.1.1/bin/
PATH: /snap/bin/


## ----------- ##
## Core tests. ##
## ----------- ##

configure:2971: looking for aux files: ltmain.sh config.guess config.sub compile missing install-sh
configure:2984:  trying ./build-aux/
configure:3013:   ./build-aux/ltmain.sh found
configure:3013:   ./build-aux/config.guess found
configure:3013:   ./build-aux/config.sub found
configure:3013:   ./build-aux/compile found
configure:3013:   ./build-aux/missing found
configure:2995:   ./build-aux/install-sh found
configure:3144: checking for a BSD-compatible install
configure:3217: result: /usr/bin/install -c
configure:3228: checking whether build environment is sane
configure:3283: result: yes
configure:3440: checking for a race-free mkdir -p
configure:3484: result: /usr/bin/mkdir -p
configure:3491: checking for gawk
configure:3512: found /usr/bin/gawk
configure:3523: result: gawk
configure:3534: checking whether make sets $(MAKE)
configure:3557: result: yes
configure:3587: checking whether make supports nested variables
configure:3605: result: yes
configure:3680: checking how to create a pax tar archive
configure:3691: tar --version
tar (GNU tar) 1.30
Copyright (C) 2017 Free Software Foundation, Inc.
License GPLv3+: GNU GPL version 3 or later <https://gnu.org/licenses/gpl.html>.
This is free software: you are free to change and redistribute it.
There is NO WARRANTY, to the extent permitted by law.

Written by John Gilmore and Jay Fenlason.
configure:3694: $? = 0
configure:3734: tardir=conftest.dir && eval tar --format=posix -chf - "$tardir" >conftest.tar
configure:3737: $? = 0
configure:3741: tar -xf - <conftest.tar
configure:3744: $? = 0
configure:3746: cat conftest.dir/file
GrepMe
configure:3749: $? = 0
configure:3763: result: gnutar
configure:3889: checking for gcc
configure:3910: found /usr/local/bin/gcc
configure:3921: result: gcc
configure:4274: checking for C compiler version
configure:4283: gcc --version >&5
gcc (GCC) 13.1.0
Copyright (C) 2023 Free Software Foundation, Inc.
This is free software; see the source for copying conditions.  There is NO
warranty; not even for MERCHANTABILITY or FITNESS FOR A PARTICULAR PURPOSE.

configure:4294: $? = 0
configure:4283: gcc -v >&5
Using built-in specs.
COLLECT_GCC=gcc
COLLECT_LTO_WRAPPER=/usr/local/libexec/gcc/x86_64-pc-linux-gnu/13.1.0/lto-wrapper
Target: x86_64-pc-linux-gnu
Configured with: ../configure -enable-checking=release -enable-languages=c,c++ -disable-multilib
Thread model: posix
Supported LTO compression algorithms: zlib zstd
gcc version 13.1.0 (GCC) 
configure:4294: $? = 0
configure:4283: gcc -V >&5
gcc: error: unrecognized command-line option '-V'
gcc: fatal error: no input files
compilation terminated.
configure:4294: $? = 1
configure:4283: gcc -qversion >&5
gcc: error: unrecognized command-line option '-qversion'; did you mean '--version'?
gcc: fatal error: no input files
compilation terminated.
configure:4294: $? = 1
configure:4283: gcc -version >&5
gcc: error: unrecognized command-line option '-version'
gcc: fatal error: no input files
compilation terminated.
configure:4294: $? = 1
configure:4314: checking whether the C compiler works
configure:4336: gcc    conftest.c  >&5
configure:4340: $? = 0
configure:4390: result: yes
configure:4393: checking for C compiler default output file name
configure:4395: result: a.out
configure:4401: checking for suffix of executables
configure:4408: gcc -o conftest    conftest.c  >&5
configure:4412: $? = 0
configure:4435: result: 
configure:4457: checking whether we are cross compiling
configure:4465: gcc -o conftest    conftest.c  >&5
configure:4469: $? = 0
configure:4476: ./conftest
configure:4480: $? = 0
configure:4468: result: no
configure:4473: checking for suffix of object files
configure:4496: gcc -c   conftest.c >&5
configure:4500: $? = 0
configure:4522: result: o
configure:4526: checking whether the compiler supports GNU C
configure:4546: gcc -c   conftest.c >&5
configure:4546: $? = 0
configure:4556: result: yes
configure:4567: checking whether gcc accepts -g
configure:4588: gcc -c -g  conftest.c >&5
configure:4588: $? = 0
configure:4632: result: yes
configure:4652: checking for gcc option to enable C11 features
configure:4667: gcc  -c -g -O2  conftest.c >&5
configure:4667: $? = 0
configure:4685: result: none needed
configure:4801: checking whether gcc understands -c and -o together
configure:4824: gcc -c conftest.c -o conftest2.o
configure:4827: $? = 0
configure:4824: gcc -c conftest.c -o conftest2.o
configure:4827: $? = 0
configure:4839: result: yes
configure:4859: checking whether make supports the include directive
configure:4874: make -f confmf.GNU && cat confinc.out
this is the am__doit target
configure:4877: $? = 0
configure:4896: result: yes (GNU style)
configure:4922: checking dependency style of gcc
configure:5034: result: gcc3
configure:5054: checking for stdio.h
configure:5054: gcc -c -g -O2  conftest.c >&5
configure:5054: $? = 0
configure:5054: result: yes
configure:5054: checking for stdlib.h
configure:5054: gcc -c -g -O2  conftest.c >&5
configure:5054: $? = 0
configure:5054: result: yes
configure:5054: checking for string.h
configure:5054: gcc -c -g -O2  conftest.c >&5
configure:5054: $? = 0
configure:5054: result: yes
configure:5054: checking for inttypes.h
configure:5054: gcc -c -g -O2  conftest.c >&5
configure:5054: $? = 0
configure:5054: result: yes
configure:5054: checking for stdint.h
configure:5054: gcc -c -g -O2  conftest.c >&5
configure:5054: $? = 0
configure:5054: result: yes
configure:5054: checking for strings.h
configure:5054: gcc -c -g -O2  conftest.c >&5
configure:5054: $? = 0
configure:5054: result: yes
configure:5054: checking for sys/stat.h
configure:5054: gcc -c -g -O2  conftest.c >&5
configure:5054: $? = 0
configure:5054: result: yes
configure:5054: checking for sys/types.h
configure:5054: gcc -c -g -O2  conftest.c >&5
configure:5054: $? = 0
configure:5054: result: yes
configure:5054: checking for unistd.h
configure:5054: gcc -c -g -O2  conftest.c >&5
configure:5054: $? = 0
configure:5054: result: yes
configure:5054: checking for wchar.h
configure:5054: gcc -c -g -O2  conftest.c >&5
configure:5054: $? = 0
configure:5054: result: yes
configure:5054: checking for minix/config.h
configure:5054: gcc -c -g -O2  conftest.c >&5
conftest.c:49:10: fatal error: minix/config.h: No such file or directory
   49 | #include <minix/config.h>
      |          ^~~~~~~~~~~~~~~~
compilation terminated.
configure:5054: $? = 1
configure: failed program was:
| /* confdefs.h */
| #define PACKAGE_NAME "libmodbus"
| #define PACKAGE_TARNAME "libmodbus"
| #define PACKAGE_VERSION "3.1.10"
| #define PACKAGE_STRING "libmodbus 3.1.10"
| #define PACKAGE_BUGREPORT "https://github.com/stephane/libmodbus/issues"
| #define PACKAGE_URL "http://libmodbus.org/"
| #define PACKAGE "libmodbus"
| #define VERSION "3.1.10"
| #define HAVE_STDIO_H 1
| #define HAVE_STDLIB_H 1
| #define HAVE_STRING_H 1
| #define HAVE_INTTYPES_H 1
| #define HAVE_STDINT_H 1
| #define HAVE_STRINGS_H 1
| #define HAVE_SYS_STAT_H 1
| #define HAVE_SYS_TYPES_H 1
| #define HAVE_UNISTD_H 1
| #define HAVE_WCHAR_H 1
| /* end confdefs.h.  */
| #include <stddef.h>
| #ifdef HAVE_STDIO_H
| # include <stdio.h>
| #endif
| #ifdef HAVE_STDLIB_H
| # include <stdlib.h>
| #endif
| #ifdef HAVE_STRING_H
| # include <string.h>
| #endif
| #ifdef HAVE_INTTYPES_H
| # include <inttypes.h>
| #endif
| #ifdef HAVE_STDINT_H
| # include <stdint.h>
| #endif
| #ifdef HAVE_STRINGS_H
| # include <strings.h>
| #endif
| #ifdef HAVE_SYS_TYPES_H
| # include <sys/types.h>
| #endif
| #ifdef HAVE_SYS_STAT_H
| # include <sys/stat.h>
| #endif
| #ifdef HAVE_UNISTD_H
| # include <unistd.h>
| #endif
| #include <minix/config.h>
configure:5054: result: no
configure:5085: checking whether it is safe to define __EXTENSIONS__
configure:5104: gcc -c -g -O2  conftest.c >&5
configure:5104: $? = 0
configure:5112: result: yes
configure:5115: checking whether _XOPEN_SOURCE should be defined
configure:5137: gcc -c -g -O2  conftest.c >&5
configure:5137: $? = 0
configure:5164: result: no
configure:5228: checking for special C compiler options needed for large files
configure:5276: result: no
configure:5282: checking for _FILE_OFFSET_BITS value needed for large files
configure:5308: gcc -c -g -O2  conftest.c >&5
configure:5308: $? = 0
configure:5342: result: no
configure:5437: checking whether make supports nested variables
configure:5455: result: yes
configure:5490: checking build system type
configure:5505: result: x86_64-pc-linux-gnu
configure:5525: checking host system type
configure:5539: result: x86_64-pc-linux-gnu
configure:5639: checking how to print strings
configure:5666: result: printf
configure:5687: checking for a sed that does not truncate output
configure:5757: result: /usr/bin/sed
configure:5775: checking for grep that handles long lines and -e
configure:5839: result: /usr/bin/grep
configure:5844: checking for egrep
configure:5912: result: /usr/bin/grep -E
configure:5917: checking for fgrep
configure:5985: result: /usr/bin/grep -F
configure:6021: checking for ld used by gcc
configure:6089: result: /usr/bin/ld
configure:6096: checking if the linker (/usr/bin/ld) is GNU ld
configure:6112: result: yes
configure:6124: checking for BSD- or MS-compatible name lister (nm)
configure:6179: result: /usr/bin/nm -B
configure:6319: checking the name lister (/usr/bin/nm -B) interface
configure:6327: gcc -c -g -O2  conftest.c >&5
configure:6330: /usr/bin/nm -B "conftest.o"
configure:6333: output
0000000000000000 B some_variable
configure:6334: result: BSD nm
configure:6337: checking whether ln -s works
configure:6341: result: yes
configure:6349: checking the maximum length of command line arguments
configure:6481: result: 1572864
configure:6529: checking how to convert x86_64-pc-linux-gnu file names to x86_64-pc-linux-gnu format
configure:6570: result: func_convert_file_noop
configure:6577: checking how to convert x86_64-pc-linux-gnu file names to toolchain format
configure:6598: result: func_convert_file_noop
configure:6605: checking for /usr/bin/ld option to reload object files
configure:6613: result: -r
configure:6692: checking for file
configure:6713: found /usr/bin/file
configure:6724: result: file
configure:6800: checking for objdump
configure:6821: found /usr/bin/objdump
configure:6832: result: objdump
configure:6861: checking how to recognize dependent libraries
configure:7062: result: pass_all
configure:7152: checking for dlltool
configure:7187: result: no
configure:7214: checking how to associate runtime and link libraries
configure:7242: result: printf %s\n
configure:7307: checking for ar
configure:7328: found /usr/bin/ar
configure:7339: result: ar
configure:7392: checking for archiver @FILE support
configure:7410: gcc -c -g -O2  conftest.c >&5
configure:7410: $? = 0
configure:7414: ar cr libconftest.a @conftest.lst >&5
configure:7417: $? = 0
configure:7422: ar cr libconftest.a @conftest.lst >&5
ar: conftest.o: No such file or directory
configure:7425: $? = 1
configure:7424: result: @
configure:7487: checking for strip
configure:7508: found /usr/bin/strip
configure:7519: result: strip
configure:7596: checking for ranlib
configure:7617: found /usr/bin/ranlib
configure:7628: result: ranlib
configure:7730: checking command to parse /usr/bin/nm -B output from gcc object
configure:7884: gcc -c -g -O2  conftest.c >&5
configure:7887: $? = 0
configure:7891: /usr/bin/nm -B conftest.o \| /usr/bin/sed -n -e 's/^.*[ ]\([ABCDGIRSTW][ABCDGIRSTW]*\)[ ][ ]*\([_A-Za-z][_A-Za-z0-9]*\)$/\1 \2 \2/p' | /usr/bin/sed '/ __gnu_lto/d' \> conftest.nm
configure:7894: $? = 0
configure:7960: gcc -o conftest -g -O2   conftest.c conftstm.o >&5
configure:7963: $? = 0
configure:8001: result: ok
configure:8048: checking for sysroot
configure:8079: result: no
configure:8086: checking for a working dd
configure:8130: result: /usr/bin/dd
configure:8134: checking how to truncate binary pipes
configure:8150: result: /usr/bin/dd bs=4096 count=1
configure:8287: gcc -c -g -O2  conftest.c >&5
configure:8290: $? = 0
configure:8487: checking for mt
configure:8508: found /usr/bin/mt
configure:8519: result: mt
configure:8542: checking if mt is a manifest tool
configure:8549: mt '-?'
configure:8557: result: no
configure:9278: checking for dlfcn.h
configure:9278: gcc -c -g -O2  conftest.c >&5
configure:9278: $? = 0
configure:9278: result: yes
configure:9863: checking for objdir
configure:9879: result: .libs
configure:10143: checking if gcc supports -fno-rtti -fno-exceptions
configure:10162: gcc -c -g -O2  -fno-rtti -fno-exceptions conftest.c >&5
cc1: warning: command-line option '-fno-rtti' is valid for C++/D/ObjC++ but not for C
configure:10166: $? = 0
configure:10179: result: no
configure:10537: checking for gcc option to produce PIC
configure:10545: result: -fPIC -DPIC
configure:10553: checking if gcc PIC flag -fPIC -DPIC works
configure:10572: gcc -c -g -O2  -fPIC -DPIC -DPIC conftest.c >&5
configure:10576: $? = 0
configure:10589: result: yes
configure:10618: checking if gcc static flag -static works
configure:10647: result: yes
configure:10662: checking if gcc supports -c -o file.o
configure:10684: gcc -c -g -O2  -o out/conftest2.o conftest.c >&5
configure:10688: $? = 0
configure:10710: result: yes
configure:10718: checking if gcc supports -c -o file.o
configure:10766: result: yes
configure:10799: checking whether the gcc linker (/usr/bin/ld -m elf_x86_64) supports shared libraries
configure:12067: result: yes
configure:12104: checking whether -lc should be explicitly linked in
configure:12113: gcc -c -g -O2  conftest.c >&5
configure:12116: $? = 0
configure:12131: gcc -shared  -fPIC -DPIC conftest.o  -v -Wl,-soname -Wl,conftest -o conftest 2\>\&1 \| /usr/bin/grep  -lc  \>/dev/null 2\>\&1
configure:12134: $? = 0
configure:12148: result: no
configure:12308: checking dynamic linker characteristics
configure:12890: gcc -o conftest -g -O2   -Wl,-rpath -Wl,/foo conftest.c  >&5
configure:12890: $? = 0
configure:13129: result: GNU/Linux ld.so
configure:13251: checking how to hardcode library paths into programs
configure:13276: result: immediate
configure:13828: checking whether stripping libraries is possible
configure:13837: result: yes
configure:13879: checking if libtool supports shared libraries
configure:13881: result: yes
configure:13884: checking whether to build shared libraries
configure:13909: result: yes
configure:13912: checking whether to build static libraries
configure:13916: result: no
configure:10717: checking for arpa/inet.h
configure:10717: gcc -c -g -O2  conftest.c >&5
configure:10717: $? = 0
configure:10717: result: yes
configure:10723: checking for byteswap.h
configure:10723: gcc -c -g -O2  conftest.c >&5
configure:10723: $? = 0
configure:10723: result: yes
configure:10729: checking for errno.h
configure:10729: gcc -c -g -O2  conftest.c >&5
configure:10729: $? = 0
configure:10729: result: yes
configure:10735: checking for fcntl.h
configure:10735: gcc -c -g -O2  conftest.c >&5
configure:10735: $? = 0
configure:10735: result: yes
configure:10741: checking for limits.h
configure:10741: gcc -c -g -O2  conftest.c >&5
configure:10741: $? = 0
configure:10741: result: yes
configure:10747: checking for linux/serial.h
configure:10747: gcc -c -g -O2  conftest.c >&5
configure:10747: $? = 0
configure:10747: result: yes
configure:10753: checking for netdb.h
configure:10753: gcc -c -g -O2  conftest.c >&5
configure:10753: $? = 0
configure:10753: result: yes
configure:10759: checking for netinet/in.h
configure:10759: gcc -c -g -O2  conftest.c >&5
configure:10759: $? = 0
configure:10759: result: yes
configure:10765: checking for netinet/tcp.h
configure:10765: gcc -c -g -O2  conftest.c >&5
configure:10765: $? = 0
configure:10765: result: yes
configure:10771: checking for sys/ioctl.h
configure:10771: gcc -c -g -O2  conftest.c >&5
configure:10771: $? = 0
configure:10771: result: yes
configure:10777: checking for sys/params.h
configure:10777: gcc -c -g -O2  conftest.c >&5
conftest.c:78:10: fatal error: sys/params.h: No such file or directory
   78 | #include <sys/params.h>
      |          ^~~~~~~~~~~~~~
compilation terminated.
configure:10777: $? = 1
configure: failed program was:
| /* confdefs.h */
| #define PACKAGE_NAME "libmodbus"
| #define PACKAGE_TARNAME "libmodbus"
| #define PACKAGE_VERSION "3.1.10"
| #define PACKAGE_STRING "libmodbus 3.1.10"
| #define PACKAGE_BUGREPORT "https://github.com/stephane/libmodbus/issues"
| #define PACKAGE_URL "http://libmodbus.org/"
| #define PACKAGE "libmodbus"
| #define VERSION "3.1.10"
| #define HAVE_STDIO_H 1
| #define HAVE_STDLIB_H 1
| #define HAVE_STRING_H 1
| #define HAVE_INTTYPES_H 1
| #define HAVE_STDINT_H 1
| #define HAVE_STRINGS_H 1
| #define HAVE_SYS_STAT_H 1
| #define HAVE_SYS_TYPES_H 1
| #define HAVE_UNISTD_H 1
| #define HAVE_WCHAR_H 1
| #define STDC_HEADERS 1
| #define _ALL_SOURCE 1
| #define _DARWIN_C_SOURCE 1
| #define _GNU_SOURCE 1
| #define _HPUX_ALT_XOPEN_SOCKET_API 1
| #define _NETBSD_SOURCE 1
| #define _OPENBSD_SOURCE 1
| #define _POSIX_PTHREAD_SEMANTICS 1
| #define __STDC_WANT_IEC_60559_ATTRIBS_EXT__ 1
| #define __STDC_WANT_IEC_60559_BFP_EXT__ 1
| #define __STDC_WANT_IEC_60559_DFP_EXT__ 1
| #define __STDC_WANT_IEC_60559_FUNCS_EXT__ 1
| #define __STDC_WANT_IEC_60559_TYPES_EXT__ 1
| #define __STDC_WANT_LIB_EXT2__ 1
| #define __STDC_WANT_MATH_SPEC_FUNCS__ 1
| #define _TANDEM_SOURCE 1
| #define __EXTENSIONS__ 1
| #define HAVE_DLFCN_H 1
| #define LT_OBJDIR ".libs/"
| #define HAVE_ARPA_INET_H 1
| #define HAVE_BYTESWAP_H 1
| #define HAVE_ERRNO_H 1
| #define HAVE_FCNTL_H 1
| #define HAVE_LIMITS_H 1
| #define HAVE_LINUX_SERIAL_H 1
| #define HAVE_NETDB_H 1
| #define HAVE_NETINET_IN_H 1
| #define HAVE_NETINET_TCP_H 1
| #define HAVE_SYS_IOCTL_H 1
| /* end confdefs.h.  */
| #include <stddef.h>
| #ifdef HAVE_STDIO_H
| # include <stdio.h>
| #endif
| #ifdef HAVE_STDLIB_H
| # include <stdlib.h>
| #endif
| #ifdef HAVE_STRING_H
| # include <string.h>
| #endif
| #ifdef HAVE_INTTYPES_H
| # include <inttypes.h>
| #endif
| #ifdef HAVE_STDINT_H
| # include <stdint.h>
| #endif
| #ifdef HAVE_STRINGS_H
| # include <strings.h>
| #endif
| #ifdef HAVE_SYS_TYPES_H
| # include <sys/types.h>
| #endif
| #ifdef HAVE_SYS_STAT_H
| # include <sys/stat.h>
| #endif
| #ifdef HAVE_UNISTD_H
| # include <unistd.h>
| #endif
| #include <sys/params.h>
configure:10777: result: no
configure:10783: checking for sys/socket.h
configure:10783: gcc -c -g -O2  conftest.c >&5
configure:10783: $? = 0
configure:10783: result: yes
configure:10789: checking for sys/time.h
configure:10789: gcc -c -g -O2  conftest.c >&5
configure:10789: $? = 0
configure:10789: result: yes
configure:10795: checking for sys/types.h
configure:10795: result: yes
configure:10801: checking for termios.h
configure:10801: gcc -c -g -O2  conftest.c >&5
configure:10801: $? = 0
configure:10801: result: yes
configure:10807: checking for time.h
configure:10807: gcc -c -g -O2  conftest.c >&5
configure:10807: $? = 0
configure:10807: result: yes
configure:10813: checking for unistd.h
configure:10813: result: yes
configure:10823: checking for gcc options needed to detect all undeclared functions
configure:10845: gcc -c -g -O2   conftest.c >&5
conftest.c: In function 'main':
conftest.c:60:8: error: 'strchr' undeclared (first use in this function)
   60 | (void) strchr;
      |        ^~~~~~
conftest.c:1:1: note: 'strchr' is defined in header '<string.h>'; did you forget to '#include <string.h>'?
    1 | /* confdefs.h */
conftest.c:60:8: note: each undeclared identifier is reported only once for each function it appears in
   60 | (void) strchr;
      |        ^~~~~~
configure:10845: $? = 1
configure: failed program was:
| /* confdefs.h */
| #define PACKAGE_NAME "libmodbus"
| #define PACKAGE_TARNAME "libmodbus"
| #define PACKAGE_VERSION "3.1.10"
| #define PACKAGE_STRING "libmodbus 3.1.10"
| #define PACKAGE_BUGREPORT "https://github.com/stephane/libmodbus/issues"
| #define PACKAGE_URL "http://libmodbus.org/"
| #define PACKAGE "libmodbus"
| #define VERSION "3.1.10"
| #define HAVE_STDIO_H 1
| #define HAVE_STDLIB_H 1
| #define HAVE_STRING_H 1
| #define HAVE_INTTYPES_H 1
| #define HAVE_STDINT_H 1
| #define HAVE_STRINGS_H 1
| #define HAVE_SYS_STAT_H 1
| #define HAVE_SYS_TYPES_H 1
| #define HAVE_UNISTD_H 1
| #define HAVE_WCHAR_H 1
| #define STDC_HEADERS 1
| #define _ALL_SOURCE 1
| #define _DARWIN_C_SOURCE 1
| #define _GNU_SOURCE 1
| #define _HPUX_ALT_XOPEN_SOCKET_API 1
| #define _NETBSD_SOURCE 1
| #define _OPENBSD_SOURCE 1
| #define _POSIX_PTHREAD_SEMANTICS 1
| #define __STDC_WANT_IEC_60559_ATTRIBS_EXT__ 1
| #define __STDC_WANT_IEC_60559_BFP_EXT__ 1
| #define __STDC_WANT_IEC_60559_DFP_EXT__ 1
| #define __STDC_WANT_IEC_60559_FUNCS_EXT__ 1
| #define __STDC_WANT_IEC_60559_TYPES_EXT__ 1
| #define __STDC_WANT_LIB_EXT2__ 1
| #define __STDC_WANT_MATH_SPEC_FUNCS__ 1
| #define _TANDEM_SOURCE 1
| #define __EXTENSIONS__ 1
| #define HAVE_DLFCN_H 1
| #define LT_OBJDIR ".libs/"
| #define HAVE_ARPA_INET_H 1
| #define HAVE_BYTESWAP_H 1
| #define HAVE_ERRNO_H 1
| #define HAVE_FCNTL_H 1
| #define HAVE_LIMITS_H 1
| #define HAVE_LINUX_SERIAL_H 1
| #define HAVE_NETDB_H 1
| #define HAVE_NETINET_IN_H 1
| #define HAVE_NETINET_TCP_H 1
| #define HAVE_SYS_IOCTL_H 1
| #define HAVE_SYS_SOCKET_H 1
| #define HAVE_SYS_TIME_H 1
| #define HAVE_SYS_TYPES_H 1
| #define HAVE_TERMIOS_H 1
| #define HAVE_TIME_H 1
| #define HAVE_UNISTD_H 1
| /* end confdefs.h.  */
| 
| int
| main (void)
| {
| (void) strchr;
|   ;
|   return 0;
| }
configure:10872: gcc -c -g -O2   conftest.c >&5
configure:10872: $? = 0
configure:10889: result: none needed
configure:10903: checking whether __CYGWIN__ is declared
configure:10903: gcc -c -g -O2   conftest.c >&5
conftest.c: In function 'main':
conftest.c:91:10: error: '__CYGWIN__' undeclared (first use in this function)
   91 |   (void) __CYGWIN__;
      |          ^~~~~~~~~~
conftest.c:91:10: note: each undeclared identifier is reported only once for each function it appears in
configure:10903: $? = 1
configure: failed program was:
| /* confdefs.h */
| #define PACKAGE_NAME "libmodbus"
| #define PACKAGE_TARNAME "libmodbus"
| #define PACKAGE_VERSION "3.1.10"
| #define PACKAGE_STRING "libmodbus 3.1.10"
| #define PACKAGE_BUGREPORT "https://github.com/stephane/libmodbus/issues"
| #define PACKAGE_URL "http://libmodbus.org/"
| #define PACKAGE "libmodbus"
| #define VERSION "3.1.10"
| #define HAVE_STDIO_H 1
| #define HAVE_STDLIB_H 1
| #define HAVE_STRING_H 1
| #define HAVE_INTTYPES_H 1
| #define HAVE_STDINT_H 1
| #define HAVE_STRINGS_H 1
| #define HAVE_SYS_STAT_H 1
| #define HAVE_SYS_TYPES_H 1
| #define HAVE_UNISTD_H 1
| #define HAVE_WCHAR_H 1
| #define STDC_HEADERS 1
| #define _ALL_SOURCE 1
| #define _DARWIN_C_SOURCE 1
| #define _GNU_SOURCE 1
| #define _HPUX_ALT_XOPEN_SOCKET_API 1
| #define _NETBSD_SOURCE 1
| #define _OPENBSD_SOURCE 1
| #define _POSIX_PTHREAD_SEMANTICS 1
| #define __STDC_WANT_IEC_60559_ATTRIBS_EXT__ 1
| #define __STDC_WANT_IEC_60559_BFP_EXT__ 1
| #define __STDC_WANT_IEC_60559_DFP_EXT__ 1
| #define __STDC_WANT_IEC_60559_FUNCS_EXT__ 1
| #define __STDC_WANT_IEC_60559_TYPES_EXT__ 1
| #define __STDC_WANT_LIB_EXT2__ 1
| #define __STDC_WANT_MATH_SPEC_FUNCS__ 1
| #define _TANDEM_SOURCE 1
| #define __EXTENSIONS__ 1
| #define HAVE_DLFCN_H 1
| #define LT_OBJDIR ".libs/"
| #define HAVE_ARPA_INET_H 1
| #define HAVE_BYTESWAP_H 1
| #define HAVE_ERRNO_H 1
| #define HAVE_FCNTL_H 1
| #define HAVE_LIMITS_H 1
| #define HAVE_LINUX_SERIAL_H 1
| #define HAVE_NETDB_H 1
| #define HAVE_NETINET_IN_H 1
| #define HAVE_NETINET_TCP_H 1
| #define HAVE_SYS_IOCTL_H 1
| #define HAVE_SYS_SOCKET_H 1
| #define HAVE_SYS_TIME_H 1
| #define HAVE_SYS_TYPES_H 1
| #define HAVE_TERMIOS_H 1
| #define HAVE_TIME_H 1
| #define HAVE_UNISTD_H 1
| /* end confdefs.h.  */
| #include <stddef.h>
| #ifdef HAVE_STDIO_H
| # include <stdio.h>
| #endif
| #ifdef HAVE_STDLIB_H
| # include <stdlib.h>
| #endif
| #ifdef HAVE_STRING_H
| # include <string.h>
| #endif
| #ifdef HAVE_INTTYPES_H
| # include <inttypes.h>
| #endif
| #ifdef HAVE_STDINT_H
| # include <stdint.h>
| #endif
| #ifdef HAVE_STRINGS_H
| # include <strings.h>
| #endif
| #ifdef HAVE_SYS_TYPES_H
| # include <sys/types.h>
| #endif
| #ifdef HAVE_SYS_STAT_H
| # include <sys/stat.h>
| #endif
| #ifdef HAVE_UNISTD_H
| # include <unistd.h>
| #endif
| int
| main (void)
| {
| #ifndef __CYGWIN__
| #ifdef __cplusplus
|   (void) __CYGWIN__;
| #else
|   (void) __CYGWIN__;
| #endif
| #endif
| 
|   ;
|   return 0;
| }
configure:10903: result: no
configure:10914: checking for library containing accept
configure:10944: gcc -o conftest -g -O2   conftest.c  >&5
configure:10944: $? = 0
configure:10964: result: none required
configure:10975: checking for accept4
configure:10975: gcc -o conftest -g -O2   conftest.c  >&5
configure:10975: $? = 0
configure:10975: result: yes
configure:10981: checking for getaddrinfo
configure:10981: gcc -o conftest -g -O2   conftest.c  >&5
configure:10981: $? = 0
configure:10981: result: yes
configure:10987: checking for gettimeofday
configure:10987: gcc -o conftest -g -O2   conftest.c  >&5
configure:10987: $? = 0
configure:10987: result: yes
configure:10993: checking for inet_pton
configure:10993: gcc -o conftest -g -O2   conftest.c  >&5
configure:10993: $? = 0
configure:10993: result: yes
configure:10999: checking for inet_ntop
configure:10999: gcc -o conftest -g -O2   conftest.c  >&5
configure:10999: $? = 0
configure:10999: result: yes
configure:11005: checking for select
configure:11005: gcc -o conftest -g -O2   conftest.c  >&5
configure:11005: $? = 0
configure:11005: result: yes
configure:11011: checking for socket
configure:11011: gcc -o conftest -g -O2   conftest.c  >&5
configure:11011: $? = 0
configure:11011: result: yes
configure:11017: checking for strerror
configure:11017: gcc -o conftest -g -O2   conftest.c  >&5
configure:11017: $? = 0
configure:11017: result: yes
configure:11023: checking for strlcpy
configure:11023: gcc -o conftest -g -O2   conftest.c  >&5
/usr/bin/ld: /usr/bin/ld: DWARF error: can't find .debug_ranges section.
/tmp/cceIAI1W.o: in function `main':
conftest.c:(.text.startup+0x7): undefined reference to `strlcpy'
collect2: error: ld returned 1 exit status
configure:11023: $? = 1
configure: failed program was:
| /* confdefs.h */
| #define PACKAGE_NAME "libmodbus"
| #define PACKAGE_TARNAME "libmodbus"
| #define PACKAGE_VERSION "3.1.10"
| #define PACKAGE_STRING "libmodbus 3.1.10"
| #define PACKAGE_BUGREPORT "https://github.com/stephane/libmodbus/issues"
| #define PACKAGE_URL "http://libmodbus.org/"
| #define PACKAGE "libmodbus"
| #define VERSION "3.1.10"
| #define HAVE_STDIO_H 1
| #define HAVE_STDLIB_H 1
| #define HAVE_STRING_H 1
| #define HAVE_INTTYPES_H 1
| #define HAVE_STDINT_H 1
| #define HAVE_STRINGS_H 1
| #define HAVE_SYS_STAT_H 1
| #define HAVE_SYS_TYPES_H 1
| #define HAVE_UNISTD_H 1
| #define HAVE_WCHAR_H 1
| #define STDC_HEADERS 1
| #define _ALL_SOURCE 1
| #define _DARWIN_C_SOURCE 1
| #define _GNU_SOURCE 1
| #define _HPUX_ALT_XOPEN_SOCKET_API 1
| #define _NETBSD_SOURCE 1
| #define _OPENBSD_SOURCE 1
| #define _POSIX_PTHREAD_SEMANTICS 1
| #define __STDC_WANT_IEC_60559_ATTRIBS_EXT__ 1
| #define __STDC_WANT_IEC_60559_BFP_EXT__ 1
| #define __STDC_WANT_IEC_60559_DFP_EXT__ 1
| #define __STDC_WANT_IEC_60559_FUNCS_EXT__ 1
| #define __STDC_WANT_IEC_60559_TYPES_EXT__ 1
| #define __STDC_WANT_LIB_EXT2__ 1
| #define __STDC_WANT_MATH_SPEC_FUNCS__ 1
| #define _TANDEM_SOURCE 1
| #define __EXTENSIONS__ 1
| #define HAVE_DLFCN_H 1
| #define LT_OBJDIR ".libs/"
| #define HAVE_ARPA_INET_H 1
| #define HAVE_BYTESWAP_H 1
| #define HAVE_ERRNO_H 1
| #define HAVE_FCNTL_H 1
| #define HAVE_LIMITS_H 1
| #define HAVE_LINUX_SERIAL_H 1
| #define HAVE_NETDB_H 1
| #define HAVE_NETINET_IN_H 1
| #define HAVE_NETINET_TCP_H 1
| #define HAVE_SYS_IOCTL_H 1
| #define HAVE_SYS_SOCKET_H 1
| #define HAVE_SYS_TIME_H 1
| #define HAVE_SYS_TYPES_H 1
| #define HAVE_TERMIOS_H 1
| #define HAVE_TIME_H 1
| #define HAVE_UNISTD_H 1
| #define HAVE_DECL___CYGWIN__ 0
| #define HAVE_ACCEPT4 1
| #define HAVE_GETADDRINFO 1
| #define HAVE_GETTIMEOFDAY 1
| #define HAVE_INET_PTON 1
| #define HAVE_INET_NTOP 1
| #define HAVE_SELECT 1
| #define HAVE_SOCKET 1
| #define HAVE_STRERROR 1
| /* end confdefs.h.  */
| /* Define strlcpy to an innocuous variant, in case <limits.h> declares strlcpy.
|    For example, HP-UX 11i <limits.h> declares gettimeofday.  */
| #define strlcpy innocuous_strlcpy
| 
| /* System header to define __stub macros and hopefully few prototypes,
|    which can conflict with char strlcpy (); below.  */
| 
| #include <limits.h>
| #undef strlcpy
| 
| /* Override any GCC internal prototype to avoid an error.
|    Use char because int might match the return type of a GCC
|    builtin and then its argument prototype would still apply.  */
| #ifdef __cplusplus
| extern "C"
| #endif
| char strlcpy ();
| /* The GNU C library defines this for functions which it implements
|     to always fail with ENOSYS.  Some functions are actually named
|     something starting with __ and the normal name is an alias.  */
| #if defined __stub_strlcpy || defined __stub___strlcpy
| choke me
| #endif
| 
| int
| main (void)
| {
| return strlcpy ();
|   ;
|   return 0;
| }
configure:11023: result: no
configure:11037: checking for inline
configure:11054: gcc -c -g -O2  conftest.c >&5
configure:11054: $? = 0
configure:11063: result: inline
configure:11152: checking for g++
configure:11173: found /usr/local/bin/g++
configure:11184: result: g++
configure:11211: checking for C++ compiler version
configure:11220: g++ --version >&5
g++ (GCC) 13.1.0
Copyright (C) 2023 Free Software Foundation, Inc.
This is free software; see the source for copying conditions.  There is NO
warranty; not even for MERCHANTABILITY or FITNESS FOR A PARTICULAR PURPOSE.

configure:11231: $? = 0
configure:11220: g++ -v >&5
Using built-in specs.
COLLECT_GCC=g++
COLLECT_LTO_WRAPPER=/usr/local/libexec/gcc/x86_64-pc-linux-gnu/13.1.0/lto-wrapper
Target: x86_64-pc-linux-gnu
Configured with: ../configure -enable-checking=release -enable-languages=c,c++ -disable-multilib
Thread model: posix
Supported LTO compression algorithms: zlib zstd
gcc version 13.1.0 (GCC) 
configure:11231: $? = 0
configure:11220: g++ -V >&5
g++: error: unrecognized command-line option '-V'
g++: fatal error: no input files
compilation terminated.
configure:11231: $? = 1
configure:11220: g++ -qversion >&5
g++: error: unrecognized command-line option '-qversion'; did you mean '--version'?
g++: fatal error: no input files
compilation terminated.
configure:11231: $? = 1
configure:11235: checking whether the compiler supports GNU C++
configure:11255: g++ -c   conftest.cpp >&5
configure:11255: $? = 0
configure:11265: result: yes
configure:11276: checking whether g++ accepts -g
configure:11297: g++ -c -g  conftest.cpp >&5
configure:11297: $? = 0
configure:11341: result: yes
configure:11361: checking for g++ option to enable C++11 features
configure:11376: g++  -c -g -O2  conftest.cpp >&5
conftest.cpp: In function 'int main(int, char**)':
conftest.cpp:232:25: warning: empty parentheses were disambiguated as a function declaration [-Wvexing-parse]
  232 |   cxx11test::delegate d2();
      |                         ^~
conftest.cpp:232:25: note: remove parentheses to default-initialize a variable
  232 |   cxx11test::delegate d2();
      |                         ^~
      |                         --
conftest.cpp:232:25: note: or replace parentheses with braces to value-initialize a variable
configure:11376: $? = 0
configure:11394: result: none needed
configure:11460: checking dependency style of g++
configure:11572: result: gcc3
configure:11605: checking how to run the C++ preprocessor
configure:11627: g++ -E  conftest.cpp
configure:11627: $? = 0
configure:11642: g++ -E  conftest.cpp
conftest.cpp:66:10: fatal error: ac_nonexistent.h: No such file or directory
   66 | #include <ac_nonexistent.h>
      |          ^~~~~~~~~~~~~~~~~~
compilation terminated.
configure:11642: $? = 1
configure: failed program was:
| /* confdefs.h */
| #define PACKAGE_NAME "libmodbus"
| #define PACKAGE_TARNAME "libmodbus"
| #define PACKAGE_VERSION "3.1.10"
| #define PACKAGE_STRING "libmodbus 3.1.10"
| #define PACKAGE_BUGREPORT "https://github.com/stephane/libmodbus/issues"
| #define PACKAGE_URL "http://libmodbus.org/"
| #define PACKAGE "libmodbus"
| #define VERSION "3.1.10"
| #define HAVE_STDIO_H 1
| #define HAVE_STDLIB_H 1
| #define HAVE_STRING_H 1
| #define HAVE_INTTYPES_H 1
| #define HAVE_STDINT_H 1
| #define HAVE_STRINGS_H 1
| #define HAVE_SYS_STAT_H 1
| #define HAVE_SYS_TYPES_H 1
| #define HAVE_UNISTD_H 1
| #define HAVE_WCHAR_H 1
| #define STDC_HEADERS 1
| #define _ALL_SOURCE 1
| #define _DARWIN_C_SOURCE 1
| #define _GNU_SOURCE 1
| #define _HPUX_ALT_XOPEN_SOCKET_API 1
| #define _NETBSD_SOURCE 1
| #define _OPENBSD_SOURCE 1
| #define _POSIX_PTHREAD_SEMANTICS 1
| #define __STDC_WANT_IEC_60559_ATTRIBS_EXT__ 1
| #define __STDC_WANT_IEC_60559_BFP_EXT__ 1
| #define __STDC_WANT_IEC_60559_DFP_EXT__ 1
| #define __STDC_WANT_IEC_60559_FUNCS_EXT__ 1
| #define __STDC_WANT_IEC_60559_TYPES_EXT__ 1
| #define __STDC_WANT_LIB_EXT2__ 1
| #define __STDC_WANT_MATH_SPEC_FUNCS__ 1
| #define _TANDEM_SOURCE 1
| #define __EXTENSIONS__ 1
| #define HAVE_DLFCN_H 1
| #define LT_OBJDIR ".libs/"
| #define HAVE_ARPA_INET_H 1
| #define HAVE_BYTESWAP_H 1
| #define HAVE_ERRNO_H 1
| #define HAVE_FCNTL_H 1
| #define HAVE_LIMITS_H 1
| #define HAVE_LINUX_SERIAL_H 1
| #define HAVE_NETDB_H 1
| #define HAVE_NETINET_IN_H 1
| #define HAVE_NETINET_TCP_H 1
| #define HAVE_SYS_IOCTL_H 1
| #define HAVE_SYS_SOCKET_H 1
| #define HAVE_SYS_TIME_H 1
| #define HAVE_SYS_TYPES_H 1
| #define HAVE_TERMIOS_H 1
| #define HAVE_TIME_H 1
| #define HAVE_UNISTD_H 1
| #define HAVE_DECL___CYGWIN__ 0
| #define HAVE_ACCEPT4 1
| #define HAVE_GETADDRINFO 1
| #define HAVE_GETTIMEOFDAY 1
| #define HAVE_INET_PTON 1
| #define HAVE_INET_NTOP 1
| #define HAVE_SELECT 1
| #define HAVE_SOCKET 1
| #define HAVE_STRERROR 1
| #define WINVER 0x0501
| /* end confdefs.h.  */
| #include <ac_nonexistent.h>
configure:11669: result: g++ -E
configure:11683: g++ -E  conftest.cpp
configure:11683: $? = 0
configure:11698: g++ -E  conftest.cpp
conftest.cpp:66:10: fatal error: ac_nonexistent.h: No such file or directory
   66 | #include <ac_nonexistent.h>
      |          ^~~~~~~~~~~~~~~~~~
compilation terminated.
configure:11698: $? = 1
configure: failed program was:
| /* confdefs.h */
| #define PACKAGE_NAME "libmodbus"
| #define PACKAGE_TARNAME "libmodbus"
| #define PACKAGE_VERSION "3.1.10"
| #define PACKAGE_STRING "libmodbus 3.1.10"
| #define PACKAGE_BUGREPORT "https://github.com/stephane/libmodbus/issues"
| #define PACKAGE_URL "http://libmodbus.org/"
| #define PACKAGE "libmodbus"
| #define VERSION "3.1.10"
| #define HAVE_STDIO_H 1
| #define HAVE_STDLIB_H 1
| #define HAVE_STRING_H 1
| #define HAVE_INTTYPES_H 1
| #define HAVE_STDINT_H 1
| #define HAVE_STRINGS_H 1
| #define HAVE_SYS_STAT_H 1
| #define HAVE_SYS_TYPES_H 1
| #define HAVE_UNISTD_H 1
| #define HAVE_WCHAR_H 1
| #define STDC_HEADERS 1
| #define _ALL_SOURCE 1
| #define _DARWIN_C_SOURCE 1
| #define _GNU_SOURCE 1
| #define _HPUX_ALT_XOPEN_SOCKET_API 1
| #define _NETBSD_SOURCE 1
| #define _OPENBSD_SOURCE 1
| #define _POSIX_PTHREAD_SEMANTICS 1
| #define __STDC_WANT_IEC_60559_ATTRIBS_EXT__ 1
| #define __STDC_WANT_IEC_60559_BFP_EXT__ 1
| #define __STDC_WANT_IEC_60559_DFP_EXT__ 1
| #define __STDC_WANT_IEC_60559_FUNCS_EXT__ 1
| #define __STDC_WANT_IEC_60559_TYPES_EXT__ 1
| #define __STDC_WANT_LIB_EXT2__ 1
| #define __STDC_WANT_MATH_SPEC_FUNCS__ 1
| #define _TANDEM_SOURCE 1
| #define __EXTENSIONS__ 1
| #define HAVE_DLFCN_H 1
| #define LT_OBJDIR ".libs/"
| #define HAVE_ARPA_INET_H 1
| #define HAVE_BYTESWAP_H 1
| #define HAVE_ERRNO_H 1
| #define HAVE_FCNTL_H 1
| #define HAVE_LIMITS_H 1
| #define HAVE_LINUX_SERIAL_H 1
| #define HAVE_NETDB_H 1
| #define HAVE_NETINET_IN_H 1
| #define HAVE_NETINET_TCP_H 1
| #define HAVE_SYS_IOCTL_H 1
| #define HAVE_SYS_SOCKET_H 1
| #define HAVE_SYS_TIME_H 1
| #define HAVE_SYS_TYPES_H 1
| #define HAVE_TERMIOS_H 1
| #define HAVE_TIME_H 1
| #define HAVE_UNISTD_H 1
| #define HAVE_DECL___CYGWIN__ 0
| #define HAVE_ACCEPT4 1
| #define HAVE_GETADDRINFO 1
| #define HAVE_GETTIMEOFDAY 1
| #define HAVE_INET_PTON 1
| #define HAVE_INET_NTOP 1
| #define HAVE_SELECT 1
| #define HAVE_SOCKET 1
| #define HAVE_STRERROR 1
| #define WINVER 0x0501
| /* end confdefs.h.  */
| #include <ac_nonexistent.h>
configure:11863: checking for ld used by g++
configure:11931: result: /usr/bin/ld -m elf_x86_64
configure:11938: checking if the linker (/usr/bin/ld -m elf_x86_64) is GNU ld
configure:11954: result: yes
configure:12009: checking whether the g++ linker (/usr/bin/ld -m elf_x86_64) supports shared libraries
configure:13087: result: yes
configure:13123: g++ -c -g -O2  conftest.cpp >&5
configure:13126: $? = 0
configure:13607: checking for g++ option to produce PIC
configure:13615: result: -fPIC -DPIC
configure:13623: checking if g++ PIC flag -fPIC -DPIC works
configure:13642: g++ -c -g -O2  -fPIC -DPIC -DPIC conftest.cpp >&5
configure:13646: $? = 0
configure:13659: result: yes
configure:13682: checking if g++ static flag -static works
configure:13711: result: yes
configure:13723: checking if g++ supports -c -o file.o
configure:13745: g++ -c -g -O2  -o out/conftest2.o conftest.cpp >&5
configure:13749: $? = 0
configure:13771: result: yes
configure:13776: checking if g++ supports -c -o file.o
configure:13824: result: yes
configure:13854: checking whether the g++ linker (/usr/bin/ld -m elf_x86_64) supports shared libraries
configure:13894: result: yes
configure:14036: checking dynamic linker characteristics
configure:14784: result: GNU/Linux ld.so
configure:14849: checking how to hardcode library paths into programs
configure:14874: result: immediate
configure:13757: checking for int64_t
configure:13757: gcc -c -g -O2  conftest.c >&5
configure:13757: $? = 0
configure:13757: gcc -c -g -O2  conftest.c >&5
conftest.c: In function 'main':
conftest.c:99:67: warning: integer overflow in expression of type 'long int' results in '-9223372036854775808' [-Woverflow]
   99 |                  < (int64_t) (((((int64_t) 1 << N) << N) - 1) * 2 + 2))];
      |                                                                   ^
conftest.c:98:12: error: storage size of 'test_array' isn't constant
   98 | static int test_array [1 - 2 * !((int64_t) (((((int64_t) 1 << N) << N) - 1) * 2 + 1)
      |            ^~~~~~~~~~
configure:13757: $? = 1
configure: failed program was:
| /* confdefs.h */
| #define PACKAGE_NAME "libmodbus"
| #define PACKAGE_TARNAME "libmodbus"
| #define PACKAGE_VERSION "3.1.10"
| #define PACKAGE_STRING "libmodbus 3.1.10"
| #define PACKAGE_BUGREPORT "https://github.com/stephane/libmodbus/issues"
| #define PACKAGE_URL "http://libmodbus.org/"
| #define PACKAGE "libmodbus"
| #define VERSION "3.1.10"
| #define HAVE_STDIO_H 1
| #define HAVE_STDLIB_H 1
| #define HAVE_STRING_H 1
| #define HAVE_INTTYPES_H 1
| #define HAVE_STDINT_H 1
| #define HAVE_STRINGS_H 1
| #define HAVE_SYS_STAT_H 1
| #define HAVE_SYS_TYPES_H 1
| #define HAVE_UNISTD_H 1
| #define HAVE_WCHAR_H 1
| #define STDC_HEADERS 1
| #define _ALL_SOURCE 1
| #define _DARWIN_C_SOURCE 1
| #define _GNU_SOURCE 1
| #define _HPUX_ALT_XOPEN_SOCKET_API 1
| #define _NETBSD_SOURCE 1
| #define _OPENBSD_SOURCE 1
| #define _POSIX_PTHREAD_SEMANTICS 1
| #define __STDC_WANT_IEC_60559_ATTRIBS_EXT__ 1
| #define __STDC_WANT_IEC_60559_BFP_EXT__ 1
| #define __STDC_WANT_IEC_60559_DFP_EXT__ 1
| #define __STDC_WANT_IEC_60559_FUNCS_EXT__ 1
| #define __STDC_WANT_IEC_60559_TYPES_EXT__ 1
| #define __STDC_WANT_LIB_EXT2__ 1
| #define __STDC_WANT_MATH_SPEC_FUNCS__ 1
| #define _TANDEM_SOURCE 1
| #define __EXTENSIONS__ 1
| #define HAVE_DLFCN_H 1
| #define LT_OBJDIR ".libs/"
| #define HAVE_ARPA_INET_H 1
| #define HAVE_BYTESWAP_H 1
| #define HAVE_ERRNO_H 1
| #define HAVE_FCNTL_H 1
| #define HAVE_LIMITS_H 1
| #define HAVE_LINUX_SERIAL_H 1
| #define HAVE_NETDB_H 1
| #define HAVE_NETINET_IN_H 1
| #define HAVE_NETINET_TCP_H 1
| #define HAVE_SYS_IOCTL_H 1
| #define HAVE_SYS_SOCKET_H 1
| #define HAVE_SYS_TIME_H 1
| #define HAVE_SYS_TYPES_H 1
| #define HAVE_TERMIOS_H 1
| #define HAVE_TIME_H 1
| #define HAVE_UNISTD_H 1
| #define HAVE_DECL___CYGWIN__ 0
| #define HAVE_ACCEPT4 1
| #define HAVE_GETADDRINFO 1
| #define HAVE_GETTIMEOFDAY 1
| #define HAVE_INET_PTON 1
| #define HAVE_INET_NTOP 1
| #define HAVE_SELECT 1
| #define HAVE_SOCKET 1
| #define HAVE_STRERROR 1
| #define WINVER 0x0501
| /* end confdefs.h.  */
| #include <stddef.h>
| #ifdef HAVE_STDIO_H
| # include <stdio.h>
| #endif
| #ifdef HAVE_STDLIB_H
| # include <stdlib.h>
| #endif
| #ifdef HAVE_STRING_H
| # include <string.h>
| #endif
| #ifdef HAVE_INTTYPES_H
| # include <inttypes.h>
| #endif
| #ifdef HAVE_STDINT_H
| # include <stdint.h>
| #endif
| #ifdef HAVE_STRINGS_H
| # include <strings.h>
| #endif
| #ifdef HAVE_SYS_TYPES_H
| # include <sys/types.h>
| #endif
| #ifdef HAVE_SYS_STAT_H
| # include <sys/stat.h>
| #endif
| #ifdef HAVE_UNISTD_H
| # include <unistd.h>
| #endif
| 	        enum { N = 64 / 2 - 1 };
| int
| main (void)
| {
| static int test_array [1 - 2 * !((int64_t) (((((int64_t) 1 << N) << N) - 1) * 2 + 1)
| 		 < (int64_t) (((((int64_t) 1 << N) << N) - 1) * 2 + 2))];
| test_array [0] = 0;
| return test_array [0];
| 
|   ;
|   return 0;
| }
configure:13757: result: yes
configure:13766: checking for size_t
configure:13766: gcc -c -g -O2  conftest.c >&5
configure:13766: $? = 0
configure:13766: gcc -c -g -O2  conftest.c >&5
conftest.c: In function 'main':
conftest.c:97:21: error: expected expression before ')' token
   97 | if (sizeof ((size_t)))
      |                     ^
configure:13766: $? = 1
configure: failed program was:
| /* confdefs.h */
| #define PACKAGE_NAME "libmodbus"
| #define PACKAGE_TARNAME "libmodbus"
| #define PACKAGE_VERSION "3.1.10"
| #define PACKAGE_STRING "libmodbus 3.1.10"
| #define PACKAGE_BUGREPORT "https://github.com/stephane/libmodbus/issues"
| #define PACKAGE_URL "http://libmodbus.org/"
| #define PACKAGE "libmodbus"
| #define VERSION "3.1.10"
| #define HAVE_STDIO_H 1
| #define HAVE_STDLIB_H 1
| #define HAVE_STRING_H 1
| #define HAVE_INTTYPES_H 1
| #define HAVE_STDINT_H 1
| #define HAVE_STRINGS_H 1
| #define HAVE_SYS_STAT_H 1
| #define HAVE_SYS_TYPES_H 1
| #define HAVE_UNISTD_H 1
| #define HAVE_WCHAR_H 1
| #define STDC_HEADERS 1
| #define _ALL_SOURCE 1
| #define _DARWIN_C_SOURCE 1
| #define _GNU_SOURCE 1
| #define _HPUX_ALT_XOPEN_SOCKET_API 1
| #define _NETBSD_SOURCE 1
| #define _OPENBSD_SOURCE 1
| #define _POSIX_PTHREAD_SEMANTICS 1
| #define __STDC_WANT_IEC_60559_ATTRIBS_EXT__ 1
| #define __STDC_WANT_IEC_60559_BFP_EXT__ 1
| #define __STDC_WANT_IEC_60559_DFP_EXT__ 1
| #define __STDC_WANT_IEC_60559_FUNCS_EXT__ 1
| #define __STDC_WANT_IEC_60559_TYPES_EXT__ 1
| #define __STDC_WANT_LIB_EXT2__ 1
| #define __STDC_WANT_MATH_SPEC_FUNCS__ 1
| #define _TANDEM_SOURCE 1
| #define __EXTENSIONS__ 1
| #define HAVE_DLFCN_H 1
| #define LT_OBJDIR ".libs/"
| #define HAVE_ARPA_INET_H 1
| #define HAVE_BYTESWAP_H 1
| #define HAVE_ERRNO_H 1
| #define HAVE_FCNTL_H 1
| #define HAVE_LIMITS_H 1
| #define HAVE_LINUX_SERIAL_H 1
| #define HAVE_NETDB_H 1
| #define HAVE_NETINET_IN_H 1
| #define HAVE_NETINET_TCP_H 1
| #define HAVE_SYS_IOCTL_H 1
| #define HAVE_SYS_SOCKET_H 1
| #define HAVE_SYS_TIME_H 1
| #define HAVE_SYS_TYPES_H 1
| #define HAVE_TERMIOS_H 1
| #define HAVE_TIME_H 1
| #define HAVE_UNISTD_H 1
| #define HAVE_DECL___CYGWIN__ 0
| #define HAVE_ACCEPT4 1
| #define HAVE_GETADDRINFO 1
| #define HAVE_GETTIMEOFDAY 1
| #define HAVE_INET_PTON 1
| #define HAVE_INET_NTOP 1
| #define HAVE_SELECT 1
| #define HAVE_SOCKET 1
| #define HAVE_STRERROR 1
| #define WINVER 0x0501
| /* end confdefs.h.  */
| #include <stddef.h>
| #ifdef HAVE_STDIO_H
| # include <stdio.h>
| #endif
| #ifdef HAVE_STDLIB_H
| # include <stdlib.h>
| #endif
| #ifdef HAVE_STRING_H
| # include <string.h>
| #endif
| #ifdef HAVE_INTTYPES_H
| # include <inttypes.h>
| #endif
| #ifdef HAVE_STDINT_H
| # include <stdint.h>
| #endif
| #ifdef HAVE_STRINGS_H
| # include <strings.h>
| #endif
| #ifdef HAVE_SYS_TYPES_H
| # include <sys/types.h>
| #endif
| #ifdef HAVE_SYS_STAT_H
| # include <sys/stat.h>
| #endif
| #ifdef HAVE_UNISTD_H
| # include <unistd.h>
| #endif
| int
| main (void)
| {
| if (sizeof ((size_t)))
| 	    return 0;
|   ;
|   return 0;
| }
configure:13766: result: yes
configure:13776: checking for ssize_t
configure:13776: gcc -c -g -O2  conftest.c >&5
configure:13776: $? = 0
configure:13776: gcc -c -g -O2  conftest.c >&5
conftest.c: In function 'main':
conftest.c:97:22: error: expected expression before ')' token
   97 | if (sizeof ((ssize_t)))
      |                      ^
configure:13776: $? = 1
configure: failed program was:
| /* confdefs.h */
| #define PACKAGE_NAME "libmodbus"
| #define PACKAGE_TARNAME "libmodbus"
| #define PACKAGE_VERSION "3.1.10"
| #define PACKAGE_STRING "libmodbus 3.1.10"
| #define PACKAGE_BUGREPORT "https://github.com/stephane/libmodbus/issues"
| #define PACKAGE_URL "http://libmodbus.org/"
| #define PACKAGE "libmodbus"
| #define VERSION "3.1.10"
| #define HAVE_STDIO_H 1
| #define HAVE_STDLIB_H 1
| #define HAVE_STRING_H 1
| #define HAVE_INTTYPES_H 1
| #define HAVE_STDINT_H 1
| #define HAVE_STRINGS_H 1
| #define HAVE_SYS_STAT_H 1
| #define HAVE_SYS_TYPES_H 1
| #define HAVE_UNISTD_H 1
| #define HAVE_WCHAR_H 1
| #define STDC_HEADERS 1
| #define _ALL_SOURCE 1
| #define _DARWIN_C_SOURCE 1
| #define _GNU_SOURCE 1
| #define _HPUX_ALT_XOPEN_SOCKET_API 1
| #define _NETBSD_SOURCE 1
| #define _OPENBSD_SOURCE 1
| #define _POSIX_PTHREAD_SEMANTICS 1
| #define __STDC_WANT_IEC_60559_ATTRIBS_EXT__ 1
| #define __STDC_WANT_IEC_60559_BFP_EXT__ 1
| #define __STDC_WANT_IEC_60559_DFP_EXT__ 1
| #define __STDC_WANT_IEC_60559_FUNCS_EXT__ 1
| #define __STDC_WANT_IEC_60559_TYPES_EXT__ 1
| #define __STDC_WANT_LIB_EXT2__ 1
| #define __STDC_WANT_MATH_SPEC_FUNCS__ 1
| #define _TANDEM_SOURCE 1
| #define __EXTENSIONS__ 1
| #define HAVE_DLFCN_H 1
| #define LT_OBJDIR ".libs/"
| #define HAVE_ARPA_INET_H 1
| #define HAVE_BYTESWAP_H 1
| #define HAVE_ERRNO_H 1
| #define HAVE_FCNTL_H 1
| #define HAVE_LIMITS_H 1
| #define HAVE_LINUX_SERIAL_H 1
| #define HAVE_NETDB_H 1
| #define HAVE_NETINET_IN_H 1
| #define HAVE_NETINET_TCP_H 1
| #define HAVE_SYS_IOCTL_H 1
| #define HAVE_SYS_SOCKET_H 1
| #define HAVE_SYS_TIME_H 1
| #define HAVE_SYS_TYPES_H 1
| #define HAVE_TERMIOS_H 1
| #define HAVE_TIME_H 1
| #define HAVE_UNISTD_H 1
| #define HAVE_DECL___CYGWIN__ 0
| #define HAVE_ACCEPT4 1
| #define HAVE_GETADDRINFO 1
| #define HAVE_GETTIMEOFDAY 1
| #define HAVE_INET_PTON 1
| #define HAVE_INET_NTOP 1
| #define HAVE_SELECT 1
| #define HAVE_SOCKET 1
| #define HAVE_STRERROR 1
| #define WINVER 0x0501
| /* end confdefs.h.  */
| #include <stddef.h>
| #ifdef HAVE_STDIO_H
| # include <stdio.h>
| #endif
| #ifdef HAVE_STDLIB_H
| # include <stdlib.h>
| #endif
| #ifdef HAVE_STRING_H
| # include <string.h>
| #endif
| #ifdef HAVE_INTTYPES_H
| # include <inttypes.h>
| #endif
| #ifdef HAVE_STDINT_H
| # include <stdint.h>
| #endif
| #ifdef HAVE_STRINGS_H
| # include <strings.h>
| #endif
| #ifdef HAVE_SYS_TYPES_H
| # include <sys/types.h>
| #endif
| #ifdef HAVE_SYS_STAT_H
| # include <sys/stat.h>
| #endif
| #ifdef HAVE_UNISTD_H
| # include <unistd.h>
| #endif
| int
| main (void)
| {
| if (sizeof ((ssize_t)))
| 	    return 0;
|   ;
|   return 0;
| }
configure:13776: result: yes
configure:13786: checking for uint16_t
configure:13786: gcc -c -g -O2  conftest.c >&5
configure:13786: $? = 0
configure:13786: result: yes
configure:13796: checking for uint32_t
configure:13796: gcc -c -g -O2  conftest.c >&5
configure:13796: $? = 0
configure:13796: result: yes
configure:13808: checking for uint8_t
configure:13808: gcc -c -g -O2  conftest.c >&5
configure:13808: $? = 0
configure:13808: result: yes
configure:13825: checking for winsock2.h
configure:13825: gcc -c -g -O2  conftest.c >&5
conftest.c:94:10: fatal error: winsock2.h: No such file or directory
   94 | #include <winsock2.h>
      |          ^~~~~~~~~~~~
compilation terminated.
configure:13825: $? = 1
configure: failed program was:
| /* confdefs.h */
| #define PACKAGE_NAME "libmodbus"
| #define PACKAGE_TARNAME "libmodbus"
| #define PACKAGE_VERSION "3.1.10"
| #define PACKAGE_STRING "libmodbus 3.1.10"
| #define PACKAGE_BUGREPORT "https://github.com/stephane/libmodbus/issues"
| #define PACKAGE_URL "http://libmodbus.org/"
| #define PACKAGE "libmodbus"
| #define VERSION "3.1.10"
| #define HAVE_STDIO_H 1
| #define HAVE_STDLIB_H 1
| #define HAVE_STRING_H 1
| #define HAVE_INTTYPES_H 1
| #define HAVE_STDINT_H 1
| #define HAVE_STRINGS_H 1
| #define HAVE_SYS_STAT_H 1
| #define HAVE_SYS_TYPES_H 1
| #define HAVE_UNISTD_H 1
| #define HAVE_WCHAR_H 1
| #define STDC_HEADERS 1
| #define _ALL_SOURCE 1
| #define _DARWIN_C_SOURCE 1
| #define _GNU_SOURCE 1
| #define _HPUX_ALT_XOPEN_SOCKET_API 1
| #define _NETBSD_SOURCE 1
| #define _OPENBSD_SOURCE 1
| #define _POSIX_PTHREAD_SEMANTICS 1
| #define __STDC_WANT_IEC_60559_ATTRIBS_EXT__ 1
| #define __STDC_WANT_IEC_60559_BFP_EXT__ 1
| #define __STDC_WANT_IEC_60559_DFP_EXT__ 1
| #define __STDC_WANT_IEC_60559_FUNCS_EXT__ 1
| #define __STDC_WANT_IEC_60559_TYPES_EXT__ 1
| #define __STDC_WANT_LIB_EXT2__ 1
| #define __STDC_WANT_MATH_SPEC_FUNCS__ 1
| #define _TANDEM_SOURCE 1
| #define __EXTENSIONS__ 1
| #define HAVE_DLFCN_H 1
| #define LT_OBJDIR ".libs/"
| #define HAVE_ARPA_INET_H 1
| #define HAVE_BYTESWAP_H 1
| #define HAVE_ERRNO_H 1
| #define HAVE_FCNTL_H 1
| #define HAVE_LIMITS_H 1
| #define HAVE_LINUX_SERIAL_H 1
| #define HAVE_NETDB_H 1
| #define HAVE_NETINET_IN_H 1
| #define HAVE_NETINET_TCP_H 1
| #define HAVE_SYS_IOCTL_H 1
| #define HAVE_SYS_SOCKET_H 1
| #define HAVE_SYS_TIME_H 1
| #define HAVE_SYS_TYPES_H 1
| #define HAVE_TERMIOS_H 1
| #define HAVE_TIME_H 1
| #define HAVE_UNISTD_H 1
| #define HAVE_DECL___CYGWIN__ 0
| #define HAVE_ACCEPT4 1
| #define HAVE_GETADDRINFO 1
| #define HAVE_GETTIMEOFDAY 1
| #define HAVE_INET_PTON 1
| #define HAVE_INET_NTOP 1
| #define HAVE_SELECT 1
| #define HAVE_SOCKET 1
| #define HAVE_STRERROR 1
| #define WINVER 0x0501
| /* end confdefs.h.  */
| #include <stddef.h>
| #ifdef HAVE_STDIO_H
| # include <stdio.h>
| #endif
| #ifdef HAVE_STDLIB_H
| # include <stdlib.h>
| #endif
| #ifdef HAVE_STRING_H
| # include <string.h>
| #endif
| #ifdef HAVE_INTTYPES_H
| # include <inttypes.h>
| #endif
| #ifdef HAVE_STDINT_H
| # include <stdint.h>
| #endif
| #ifdef HAVE_STRINGS_H
| # include <strings.h>
| #endif
| #ifdef HAVE_SYS_TYPES_H
| # include <sys/types.h>
| #endif
| #ifdef HAVE_SYS_STAT_H
| # include <sys/stat.h>
| #endif
| #ifdef HAVE_UNISTD_H
| # include <unistd.h>
| #endif
| #include <winsock2.h>
configure:13825: result: no
configure:13840: checking whether TIOCSRS485 is declared
configure:13840: gcc -c -g -O2   conftest.c >&5
configure:13840: $? = 0
configure:13840: result: yes
configure:13851: checking whether TIOCM_RTS is declared
configure:13851: gcc -c -g -O2   conftest.c >&5
configure:13851: $? = 0
configure:13851: result: yes
configure:13995: checking that generated files are newer than configure
configure:14001: result: done
configure:14040: creating ./config.status

## ---------------------- ##
## Running config.status. ##
## ---------------------- ##

This file was extended by libmodbus config.status 3.1.10, which was
generated by GNU Autoconf 2.71.  Invocation command line was

  CONFIG_FILES    = 
  CONFIG_HEADERS  = 
  CONFIG_LINKS    = 
  CONFIG_COMMANDS = 
  $ ./config.status 

on LAPTOP-S4S52MGD

config.status:1208: creating Makefile
config.status:1208: creating src/Makefile
config.status:1208: creating src/modbus-version.h
config.status:1208: creating src/win32/modbus.dll.manifest
config.status:1208: creating tests/Makefile
config.status:1208: creating libmodbus.pc
config.status:1208: creating config.h
config.status:1208: creating tests/unit-test.h
config.status:1389: tests/unit-test.h is unchanged
config.status:1437: executing depfiles commands
config.status:1514: cd src       && sed -e '/# am--include-marker/d' Makefile         | make -f - am--depfiles
config.status:1519: $? = 0
config.status:1514: cd tests       && sed -e '/# am--include-marker/d' Makefile         | make -f - am--depfiles
config.status:1519: $? = 0
config.status:1437: executing libtool commands
configure:16467: result:
        libmodbus 3.1.10
        ===============

        prefix:                 /usr/local
        sysconfdir:             ${prefix}/etc
        libdir:                 ${exec_prefix}/lib
        includedir:             ${prefix}/include

        compiler:               gcc
        cflags:                 -g -O2
        ldflags:                

        tests:                  yes


## ---------------- ##
## Cache variables. ##
## ---------------- ##

ac_cv_build=x86_64-pc-linux-gnu
ac_cv_c_compiler_gnu=yes
ac_cv_c_inline=inline
ac_cv_c_int64_t=yes
ac_cv_c_uint16_t=yes
ac_cv_c_uint32_t=yes
ac_cv_c_uint8_t=yes
ac_cv_c_undeclared_builtin_options='none needed'
ac_cv_cxx_compiler_gnu=yes
ac_cv_env_CCC_set=
ac_cv_env_CCC_value=
ac_cv_env_CC_set=
ac_cv_env_CC_value=
ac_cv_env_CFLAGS_set=
ac_cv_env_CFLAGS_value=
ac_cv_env_CPPFLAGS_set=
ac_cv_env_CPPFLAGS_value=
ac_cv_env_CXXCPP_set=
ac_cv_env_CXXCPP_value=
ac_cv_env_CXXFLAGS_set=
ac_cv_env_CXXFLAGS_value=
ac_cv_env_CXX_set=
ac_cv_env_CXX_value=
ac_cv_env_LDFLAGS_set=
ac_cv_env_LDFLAGS_value=
ac_cv_env_LIBS_set=
ac_cv_env_LIBS_value=
ac_cv_env_LT_SYS_LIBRARY_PATH_set=
ac_cv_env_LT_SYS_LIBRARY_PATH_value=
ac_cv_env_build_alias_set=
ac_cv_env_build_alias_value=
ac_cv_env_host_alias_set=
ac_cv_env_host_alias_value=
ac_cv_env_target_alias_set=
ac_cv_env_target_alias_value=
ac_cv_func_accept4=yes
ac_cv_func_getaddrinfo=yes
ac_cv_func_gettimeofday=yes
ac_cv_func_inet_ntop=yes
ac_cv_func_inet_pton=yes
ac_cv_func_select=yes
ac_cv_func_socket=yes
ac_cv_func_strerror=yes
ac_cv_func_strlcpy=no
ac_cv_have_decl_TIOCM_RTS=yes
ac_cv_have_decl_TIOCSRS485=yes
ac_cv_have_decl___CYGWIN__=no
ac_cv_header_arpa_inet_h=yes
ac_cv_header_byteswap_h=yes
ac_cv_header_dlfcn_h=yes
ac_cv_header_errno_h=yes
ac_cv_header_fcntl_h=yes
ac_cv_header_inttypes_h=yes
ac_cv_header_limits_h=yes
ac_cv_header_linux_serial_h=yes
ac_cv_header_minix_config_h=no
ac_cv_header_netdb_h=yes
ac_cv_header_netinet_in_h=yes
ac_cv_header_netinet_tcp_h=yes
ac_cv_header_stdint_h=yes
ac_cv_header_stdio_h=yes
ac_cv_header_stdlib_h=yes
ac_cv_header_string_h=yes
ac_cv_header_strings_h=yes
ac_cv_header_sys_ioctl_h=yes
ac_cv_header_sys_params_h=no
ac_cv_header_sys_socket_h=yes
ac_cv_header_sys_stat_h=yes
ac_cv_header_sys_time_h=yes
ac_cv_header_sys_types_h=yes
ac_cv_header_termios_h=yes
ac_cv_header_time_h=yes
ac_cv_header_unistd_h=yes
ac_cv_header_wchar_h=yes
ac_cv_header_winsock2_h=no
ac_cv_host=x86_64-pc-linux-gnu
ac_cv_objext=o
ac_cv_path_EGREP='/usr/bin/grep -E'
ac_cv_path_FGREP='/usr/bin/grep -F'
ac_cv_path_GREP=/usr/bin/grep
ac_cv_path_SED=/usr/bin/sed
ac_cv_path_install='/usr/bin/install -c'
ac_cv_path_lt_DD=/usr/bin/dd
ac_cv_path_mkdir=/usr/bin/mkdir
ac_cv_prog_AWK=gawk
ac_cv_prog_CXXCPP='g++ -E'
ac_cv_prog_ac_ct_AR=ar
ac_cv_prog_ac_ct_CC=gcc
ac_cv_prog_ac_ct_CXX=g++
ac_cv_prog_ac_ct_FILECMD=file
ac_cv_prog_ac_ct_MANIFEST_TOOL=mt
ac_cv_prog_ac_ct_OBJDUMP=objdump
ac_cv_prog_ac_ct_RANLIB=ranlib
ac_cv_prog_ac_ct_STRIP=strip
ac_cv_prog_cc_c11=
ac_cv_prog_cc_g=yes
ac_cv_prog_cc_stdc=
ac_cv_prog_cxx_11=no
ac_cv_prog_cxx_cxx11=
ac_cv_prog_cxx_g=yes
ac_cv_prog_cxx_stdcxx=
ac_cv_prog_make_make_set=yes
ac_cv_safe_to_define___extensions__=yes
ac_cv_search_accept='none required'
ac_cv_should_define__xopen_source=no
ac_cv_sys_file_offset_bits=no
ac_cv_sys_largefile_CC=no
ac_cv_type_size_t=yes
ac_cv_type_ssize_t=yes
am_cv_CC_dependencies_compiler_type=gcc3
am_cv_CXX_dependencies_compiler_type=gcc3
am_cv_make_support_nested_variables=yes
am_cv_prog_cc_c_o=yes
am_cv_prog_tar_pax=gnutar
lt_cv_ar_at_file=@
lt_cv_archive_cmds_need_lc=no
lt_cv_deplibs_check_method=pass_all
lt_cv_file_magic_cmd='$MAGIC_CMD'
lt_cv_file_magic_test_file=
lt_cv_ld_reload_flag=-r
lt_cv_nm_interface='BSD nm'
lt_cv_objdir=.libs
lt_cv_path_LD=/usr/bin/ld
lt_cv_path_LDCXX='/usr/bin/ld -m elf_x86_64'
lt_cv_path_NM='/usr/bin/nm -B'
lt_cv_path_mainfest_tool=no
lt_cv_prog_compiler_c_o=yes
lt_cv_prog_compiler_c_o_CXX=yes
lt_cv_prog_compiler_pic='-fPIC -DPIC'
lt_cv_prog_compiler_pic_CXX='-fPIC -DPIC'
lt_cv_prog_compiler_pic_works=yes
lt_cv_prog_compiler_pic_works_CXX=yes
lt_cv_prog_compiler_rtti_exceptions=no
lt_cv_prog_compiler_static_works=yes
lt_cv_prog_compiler_static_works_CXX=yes
lt_cv_prog_gnu_ld=yes
lt_cv_prog_gnu_ldcxx=yes
lt_cv_sharedlib_from_linklib_cmd='printf %s\n'
lt_cv_shlibpath_overrides_runpath=yes
lt_cv_sys_global_symbol_pipe='/usr/bin/sed -n -e '\''s/^.*[	 ]\([ABCDGIRSTW][ABCDGIRSTW]*\)[	 ][	 ]*\([_A-Za-z][_A-Za-z0-9]*\)$/\1 \2 \2/p'\'' | /usr/bin/sed '\''/ __gnu_lto/d'\'''
lt_cv_sys_global_symbol_to_c_name_address='/usr/bin/sed -n -e '\''s/^: \(.*\) .*$/  {"\1", (void *) 0},/p'\'' -e '\''s/^[ABCDGIRSTW][ABCDGIRSTW]* .* \(.*\)$/  {"\1", (void *) \&\1},/p'\'''
lt_cv_sys_global_symbol_to_c_name_address_lib_prefix='/usr/bin/sed -n -e '\''s/^: \(.*\) .*$/  {"\1", (void *) 0},/p'\'' -e '\''s/^[ABCDGIRSTW][ABCDGIRSTW]* .* \(lib.*\)$/  {"\1", (void *) \&\1},/p'\'' -e '\''s/^[ABCDGIRSTW][ABCDGIRSTW]* .* \(.*\)$/  {"lib\1", (void *) \&\1},/p'\'''
lt_cv_sys_global_symbol_to_cdecl='/usr/bin/sed -n -e '\''s/^T .* \(.*\)$/extern int \1();/p'\'' -e '\''s/^[ABCDGIRSTW][ABCDGIRSTW]* .* \(.*\)$/extern char \1;/p'\'''
lt_cv_sys_global_symbol_to_import=
lt_cv_sys_max_cmd_len=1572864
lt_cv_to_host_file_cmd=func_convert_file_noop
lt_cv_to_tool_file_cmd=func_convert_file_noop
lt_cv_truncate_bin='/usr/bin/dd bs=4096 count=1'

## ----------------- ##
## Output variables. ##
## ----------------- ##

ACLOCAL='${SHELL} '\''/home/hansolo/CplusplusLearn/libs/libmodbus-3.1.10/build-aux/missing'\'' aclocal-1.16'
AMDEPBACKSLASH='\'
AMDEP_FALSE='#'
AMDEP_TRUE=''
AMTAR='$${TAR-tar}'
AM_BACKSLASH='\'
AM_DEFAULT_V='$(AM_DEFAULT_VERBOSITY)'
AM_DEFAULT_VERBOSITY='0'
AM_V='$(V)'
AR='ar'
AS='as'
AUTOCONF='${SHELL} '\''/home/hansolo/CplusplusLearn/libs/libmodbus-3.1.10/build-aux/missing'\'' autoconf'
AUTOHEADER='${SHELL} '\''/home/hansolo/CplusplusLearn/libs/libmodbus-3.1.10/build-aux/missing'\'' autoheader'
AUTOMAKE='${SHELL} '\''/home/hansolo/CplusplusLearn/libs/libmodbus-3.1.10/build-aux/missing'\'' automake-1.16'
AWK='gawk'
BUILD_TESTS_FALSE='#'
BUILD_TESTS_TRUE=''
CC='gcc'
CCDEPMODE='depmode=gcc3'
CFLAGS='-g -O2'
CPPFLAGS=''
CSCOPE='cscope'
CTAGS='ctags'
CXX='g++'
CXXCPP='g++ -E'
CXXDEPMODE='depmode=gcc3'
CXXFLAGS='-g -O2'
CYGPATH_W='echo'
DEFS='-DHAVE_CONFIG_H'
DEPDIR='.deps'
DLLTOOL='false'
DSYMUTIL=''
DUMPBIN=''
ECHO_C=''
ECHO_N='-n'
ECHO_T=''
EGREP='/usr/bin/grep -E'
ETAGS='etags'
EXEEXT=''
FGREP='/usr/bin/grep -F'
FILECMD='file'
GREP='/usr/bin/grep'
INSTALL_DATA='${INSTALL} -m 644'
INSTALL_PROGRAM='${INSTALL}'
INSTALL_SCRIPT='${INSTALL}'
INSTALL_STRIP_PROGRAM='$(install_sh) -c -s'
LD='/usr/bin/ld -m elf_x86_64'
LDFLAGS=''
LIBMODBUS_LT_VERSION_INFO='6:0:1'
LIBMODBUS_VERSION='3.1.10'
LIBMODBUS_VERSION_MAJOR='3'
LIBMODBUS_VERSION_MICRO='10'
LIBMODBUS_VERSION_MINOR='1'
LIBOBJS=''
LIBS=''
LIBTOOL='$(SHELL) $(top_builddir)/libtool'
LIPO=''
LN_S='ln -s'
LTLIBOBJS=''
LT_SYS_LIBRARY_PATH=''
MAKEINFO='${SHELL} '\''/home/hansolo/CplusplusLearn/libs/libmodbus-3.1.10/build-aux/missing'\'' makeinfo'
MANIFEST_TOOL=':'
MKDIR_P='/usr/bin/mkdir -p'
NM='/usr/bin/nm -B'
NMEDIT=''
OBJDUMP='objdump'
OBJEXT='o'
OS_QNX_FALSE=''
OS_QNX_TRUE='#'
OS_WIN32_FALSE=''
OS_WIN32_TRUE='#'
OTOOL64=''
OTOOL=''
PACKAGE='libmodbus'
PACKAGE_BUGREPORT='https://github.com/stephane/libmodbus/issues'
PACKAGE_NAME='libmodbus'
PACKAGE_STRING='libmodbus 3.1.10'
PACKAGE_TARNAME='libmodbus'
PACKAGE_URL='http://libmodbus.org/'
PACKAGE_VERSION='3.1.10'
PATH_SEPARATOR=':'
RANLIB='ranlib'
SED='/usr/bin/sed'
SET_MAKE=''
SHELL='/bin/bash'
STRIP='strip'
VERSION='3.1.10'
ac_ct_AR='ar'
ac_ct_CC='gcc'
ac_ct_CXX='g++'
ac_ct_DUMPBIN=''
am__EXEEXT_FALSE=''
am__EXEEXT_TRUE='#'
am__fastdepCC_FALSE='#'
am__fastdepCC_TRUE=''
am__fastdepCXX_FALSE='#'
am__fastdepCXX_TRUE=''
am__include='include'
am__isrc=''
am__leading_dot='.'
am__nodep='_no'
am__quote=''
am__tar='tar --format=posix -chf - "$$tardir"'
am__untar='tar -xf -'
bindir='${exec_prefix}/bin'
build='x86_64-pc-linux-gnu'
build_alias=''
build_cpu='x86_64'
build_os='linux-gnu'
build_vendor='pc'
datadir='${datarootdir}'
datarootdir='${prefix}/share'
docdir='${datarootdir}/doc/${PACKAGE_TARNAME}'
dvidir='${docdir}'
exec_prefix='${prefix}'
host='x86_64-pc-linux-gnu'
host_alias=''
host_cpu='x86_64'
host_os='linux-gnu'
host_vendor='pc'
htmldir='${docdir}'
includedir='${prefix}/include'
infodir='${datarootdir}/info'
install_sh='${SHELL} /home/hansolo/CplusplusLearn/libs/libmodbus-3.1.10/build-aux/install-sh'
libdir='${exec_prefix}/lib'
libexecdir='${exec_prefix}/libexec'
localedir='${datarootdir}/locale'
localstatedir='${prefix}/var'
mandir='${datarootdir}/man'
mkdir_p='$(MKDIR_P)'
my_CFLAGS='-Wall -Wmissing-declarations -Wmissing-prototypes -Wnested-externs -Wpointer-arith -Wpointer-arith -Wsign-compare -Wchar-subscripts -Wstrict-prototypes -Wshadow -Wformat-security'
oldincludedir='/usr/include'
pdfdir='${docdir}'
prefix='/usr/local'
program_transform_name='s,x,x,'
psdir='${docdir}'
runstatedir='${localstatedir}/run'
sbindir='${exec_prefix}/sbin'
sharedstatedir='${prefix}/com'
sysconfdir='${prefix}/etc'
target_alias=''

## ----------- ##
## confdefs.h. ##
## ----------- ##

/* confdefs.h */
#define PACKAGE_NAME "libmodbus"
#define PACKAGE_TARNAME "libmodbus"
#define PACKAGE_VERSION "3.1.10"
#define PACKAGE_STRING "libmodbus 3.1.10"
#define PACKAGE_BUGREPORT "https://github.com/stephane/libmodbus/issues"
#define PACKAGE_URL "http://libmodbus.org/"
#define PACKAGE "libmodbus"
#define VERSION "3.1.10"
#define HAVE_STDIO_H 1
#define HAVE_STDLIB_H 1
#define HAVE_STRING_H 1
#define HAVE_INTTYPES_H 1
#define HAVE_STDINT_H 1
#define HAVE_STRINGS_H 1
#define HAVE_SYS_STAT_H 1
#define HAVE_SYS_TYPES_H 1
#define HAVE_UNISTD_H 1
#define HAVE_WCHAR_H 1
#define STDC_HEADERS 1
#define _ALL_SOURCE 1
#define _DARWIN_C_SOURCE 1
#define _GNU_SOURCE 1
#define _HPUX_ALT_XOPEN_SOCKET_API 1
#define _NETBSD_SOURCE 1
#define _OPENBSD_SOURCE 1
#define _POSIX_PTHREAD_SEMANTICS 1
#define __STDC_WANT_IEC_60559_ATTRIBS_EXT__ 1
#define __STDC_WANT_IEC_60559_BFP_EXT__ 1
#define __STDC_WANT_IEC_60559_DFP_EXT__ 1
#define __STDC_WANT_IEC_60559_FUNCS_EXT__ 1
#define __STDC_WANT_IEC_60559_TYPES_EXT__ 1
#define __STDC_WANT_LIB_EXT2__ 1
#define __STDC_WANT_MATH_SPEC_FUNCS__ 1
#define _TANDEM_SOURCE 1
#define __EXTENSIONS__ 1
#define HAVE_DLFCN_H 1
#define LT_OBJDIR ".libs/"
#define HAVE_ARPA_INET_H 1
#define HAVE_BYTESWAP_H 1
#define HAVE_ERRNO_H 1
#define HAVE_FCNTL_H 1
#define HAVE_LIMITS_H 1
#define HAVE_LINUX_SERIAL_H 1
#define HAVE_NETDB_H 1
#define HAVE_NETINET_IN_H 1
#define HAVE_NETINET_TCP_H 1
#define HAVE_SYS_IOCTL_H 1
#define HAVE_SYS_SOCKET_H 1
#define HAVE_SYS_TIME_H 1
#define HAVE_SYS_TYPES_H 1
#define HAVE_TERMIOS_H 1
#define HAVE_TIME_H 1
#define HAVE_UNISTD_H 1
#define HAVE_DECL___CYGWIN__ 0
#define HAVE_ACCEPT4 1
#define HAVE_GETADDRINFO 1
#define HAVE_GETTIMEOFDAY 1
#define HAVE_INET_PTON 1
#define HAVE_INET_NTOP 1
#define HAVE_SELECT 1
#define HAVE_SOCKET 1
#define HAVE_STRERROR 1
#define WINVER 0x0501
#define HAVE_DECL_TIOCSRS485 1
#define HAVE_DECL_TIOCM_RTS 1

configure: exit 0
